2025-04-11 09:05:37,558 - Server - INFO - Model global diinisialisasi
2025-04-11 09:05:37,558 - Server - INFO - Menunggu 2 klien...
2025-04-11 09:05:37,559 - Server - INFO - Server mendengarkan di 127.0.0.1:65432
2025-04-11 09:05:40,654 - Server - INFO - Terhubung oleh ('127.0.0.1', 52648)
2025-04-11 09:05:40,654 - Server - INFO - Klien 1/2 terhubung
2025-04-11 09:05:40,858 - Server - INFO - Model global awal dikirim ke klien 1
2025-04-11 09:05:43,788 - Server - INFO - Terhubung oleh ('127.0.0.1', 52649)
2025-04-11 09:05:43,788 - Server - INFO - Klien 2/2 terhubung
2025-04-11 09:05:43,788 - Server - INFO - Menunggu semua thread klien selesai...
2025-04-11 09:05:44,011 - Server - INFO - Model global awal dikirim ke klien 2
2025-04-11 09:08:58,785 - Server - INFO - Bersiap menerima 29600262 bytes dari klien 1
2025-04-11 09:08:58,789 - Server - INFO - Menerima chunk: 65536 bytes, sisa: 29534726 bytes
2025-04-11 09:08:58,790 - Server - INFO - Menerima chunk: 65536 bytes, sisa: 29469190 bytes
2025-04-11 09:08:58,790 - Server - INFO - Menerima chunk: 65536 bytes, sisa: 29403654 bytes
2025-04-11 09:08:58,790 - Server - INFO - Menerima chunk: 65536 bytes, sisa: 29338118 bytes
2025-04-11 09:08:58,790 - Server - INFO - Menerima chunk: 65536 bytes, sisa: 29272582 bytes
2025-04-11 09:08:58,791 - Server - INFO - Menerima chunk: 65536 bytes, sisa: 29207046 bytes
2025-04-11 09:08:58,791 - Server - INFO - Menerima chunk: 65536 bytes, sisa: 29141510 bytes
2025-04-11 09:08:58,791 - Server - INFO - Menerima chunk: 65536 bytes, sisa: 29075974 bytes
2025-04-11 09:08:58,792 - Server - INFO - Menerima chunk: 65536 bytes, sisa: 29010438 bytes
2025-04-11 09:08:58,792 - Server - INFO - Menerima chunk: 65536 bytes, sisa: 28944902 bytes
2025-04-11 09:08:58,793 - Server - INFO - Menerima chunk: 65536 bytes, sisa: 28879366 bytes
2025-04-11 09:08:58,793 - Server - INFO - Menerima chunk: 65536 bytes, sisa: 28813830 bytes
2025-04-11 09:08:58,793 - Server - INFO - Menerima chunk: 65536 bytes, sisa: 28748294 bytes
2025-04-11 09:08:58,793 - Server - INFO - Menerima chunk: 65536 bytes, sisa: 28682758 bytes
2025-04-11 09:08:58,794 - Server - INFO - Menerima chunk: 65536 bytes, sisa: 28617222 bytes
2025-04-11 09:08:58,794 - Server - INFO - Menerima chunk: 65536 bytes, sisa: 28551686 bytes
2025-04-11 09:08:58,795 - Server - INFO - Menerima chunk: 65536 bytes, sisa: 28486150 bytes
2025-04-11 09:08:58,795 - Server - INFO - Menerima chunk: 65536 bytes, sisa: 28420614 bytes
2025-04-11 09:08:58,796 - Server - INFO - Menerima chunk: 65536 bytes, sisa: 28355078 bytes
2025-04-11 09:08:58,796 - Server - INFO - Menerima chunk: 65536 bytes, sisa: 28289542 bytes
2025-04-11 09:08:58,797 - Server - INFO - Menerima chunk: 65536 bytes, sisa: 28224006 bytes
2025-04-11 09:08:58,797 - Server - INFO - Menerima chunk: 65536 bytes, sisa: 28158470 bytes
2025-04-11 09:08:58,798 - Server - INFO - Menerima chunk: 65536 bytes, sisa: 28092934 bytes
2025-04-11 09:08:58,799 - Server - INFO - Menerima chunk: 65536 bytes, sisa: 28027398 bytes
2025-04-11 09:08:58,799 - Server - INFO - Menerima chunk: 65536 bytes, sisa: 27961862 bytes
2025-04-11 09:08:58,800 - Server - INFO - Menerima chunk: 65536 bytes, sisa: 27896326 bytes
2025-04-11 09:08:58,802 - Server - INFO - Menerima chunk: 65536 bytes, sisa: 27830790 bytes
2025-04-11 09:08:58,802 - Server - INFO - Menerima chunk: 65536 bytes, sisa: 27765254 bytes
2025-04-11 09:08:58,803 - Server - INFO - Menerima chunk: 65536 bytes, sisa: 27699718 bytes
2025-04-11 09:08:58,804 - Server - INFO - Menerima chunk: 65536 bytes, sisa: 27634182 bytes
2025-04-11 09:08:58,805 - Server - INFO - Menerima chunk: 65536 bytes, sisa: 27568646 bytes
2025-04-11 09:08:58,806 - Server - INFO - Menerima chunk: 65536 bytes, sisa: 27503110 bytes
2025-04-11 09:08:58,807 - Server - INFO - Menerima chunk: 65536 bytes, sisa: 27437574 bytes
2025-04-11 09:08:58,807 - Server - INFO - Menerima chunk: 65536 bytes, sisa: 27372038 bytes
2025-04-11 09:08:58,808 - Server - INFO - Menerima chunk: 65536 bytes, sisa: 27306502 bytes
2025-04-11 09:08:58,809 - Server - INFO - Menerima chunk: 65536 bytes, sisa: 27240966 bytes
2025-04-11 09:08:58,810 - Server - INFO - Menerima chunk: 65536 bytes, sisa: 27175430 bytes
2025-04-11 09:08:58,811 - Server - INFO - Menerima chunk: 65536 bytes, sisa: 27109894 bytes
2025-04-11 09:08:58,812 - Server - INFO - Menerima chunk: 65536 bytes, sisa: 27044358 bytes
2025-04-11 09:08:58,814 - Server - INFO - Menerima chunk: 65536 bytes, sisa: 26978822 bytes
2025-04-11 09:08:58,820 - Server - INFO - Menerima chunk: 65536 bytes, sisa: 26913286 bytes
2025-04-11 09:08:58,824 - Server - INFO - Menerima chunk: 65536 bytes, sisa: 26847750 bytes
2025-04-11 09:08:58,827 - Server - INFO - Menerima chunk: 65536 bytes, sisa: 26782214 bytes
2025-04-11 09:08:58,828 - Server - INFO - Menerima chunk: 65536 bytes, sisa: 26716678 bytes
2025-04-11 09:08:58,829 - Server - INFO - Menerima chunk: 65536 bytes, sisa: 26651142 bytes
2025-04-11 09:08:58,830 - Server - INFO - Menerima chunk: 65536 bytes, sisa: 26585606 bytes
2025-04-11 09:08:58,832 - Server - INFO - Menerima chunk: 65536 bytes, sisa: 26520070 bytes
2025-04-11 09:08:58,833 - Server - INFO - Menerima chunk: 65536 bytes, sisa: 26454534 bytes
2025-04-11 09:08:58,834 - Server - INFO - Menerima chunk: 65536 bytes, sisa: 26388998 bytes
2025-04-11 09:08:58,835 - Server - INFO - Menerima chunk: 65536 bytes, sisa: 26323462 bytes
2025-04-11 09:08:58,837 - Server - INFO - Menerima chunk: 65536 bytes, sisa: 26257926 bytes
2025-04-11 09:08:58,838 - Server - INFO - Menerima chunk: 65536 bytes, sisa: 26192390 bytes
2025-04-11 09:08:58,839 - Server - INFO - Menerima chunk: 65536 bytes, sisa: 26126854 bytes
2025-04-11 09:08:58,840 - Server - INFO - Menerima chunk: 65536 bytes, sisa: 26061318 bytes
2025-04-11 09:08:58,841 - Server - INFO - Menerima chunk: 65536 bytes, sisa: 25995782 bytes
2025-04-11 09:08:58,842 - Server - INFO - Menerima chunk: 65536 bytes, sisa: 25930246 bytes
2025-04-11 09:08:58,844 - Server - INFO - Menerima chunk: 65536 bytes, sisa: 25864710 bytes
2025-04-11 09:08:58,845 - Server - INFO - Menerima chunk: 65536 bytes, sisa: 25799174 bytes
2025-04-11 09:08:58,846 - Server - INFO - Menerima chunk: 65536 bytes, sisa: 25733638 bytes
2025-04-11 09:08:58,848 - Server - INFO - Menerima chunk: 65536 bytes, sisa: 25668102 bytes
2025-04-11 09:08:58,849 - Server - INFO - Menerima chunk: 65536 bytes, sisa: 25602566 bytes
2025-04-11 09:08:58,851 - Server - INFO - Menerima chunk: 65536 bytes, sisa: 25537030 bytes
2025-04-11 09:08:58,853 - Server - INFO - Menerima chunk: 65536 bytes, sisa: 25471494 bytes
2025-04-11 09:08:58,855 - Server - INFO - Menerima chunk: 65536 bytes, sisa: 25405958 bytes
2025-04-11 09:08:58,856 - Server - INFO - Menerima chunk: 65536 bytes, sisa: 25340422 bytes
2025-04-11 09:08:58,858 - Server - INFO - Menerima chunk: 65536 bytes, sisa: 25274886 bytes
2025-04-11 09:08:58,859 - Server - INFO - Menerima chunk: 65536 bytes, sisa: 25209350 bytes
2025-04-11 09:08:58,861 - Server - INFO - Menerima chunk: 65536 bytes, sisa: 25143814 bytes
2025-04-11 09:08:58,863 - Server - INFO - Menerima chunk: 65536 bytes, sisa: 25078278 bytes
2025-04-11 09:08:58,865 - Server - INFO - Menerima chunk: 65536 bytes, sisa: 25012742 bytes
2025-04-11 09:08:58,866 - Server - INFO - Menerima chunk: 65536 bytes, sisa: 24947206 bytes
2025-04-11 09:08:58,868 - Server - INFO - Menerima chunk: 65536 bytes, sisa: 24881670 bytes
2025-04-11 09:08:58,873 - Server - INFO - Menerima chunk: 65536 bytes, sisa: 24816134 bytes
2025-04-11 09:08:58,875 - Server - INFO - Menerima chunk: 65536 bytes, sisa: 24750598 bytes
2025-04-11 09:08:58,877 - Server - INFO - Menerima chunk: 65536 bytes, sisa: 24685062 bytes
2025-04-11 09:08:58,879 - Server - INFO - Menerima chunk: 65536 bytes, sisa: 24619526 bytes
2025-04-11 09:08:58,882 - Server - INFO - Menerima chunk: 65536 bytes, sisa: 24553990 bytes
2025-04-11 09:08:58,885 - Server - INFO - Menerima chunk: 65536 bytes, sisa: 24488454 bytes
2025-04-11 09:08:58,887 - Server - INFO - Menerima chunk: 65536 bytes, sisa: 24422918 bytes
2025-04-11 09:08:58,890 - Server - INFO - Menerima chunk: 65536 bytes, sisa: 24357382 bytes
2025-04-11 09:08:58,892 - Server - INFO - Menerima chunk: 65536 bytes, sisa: 24291846 bytes
2025-04-11 09:08:58,895 - Server - INFO - Menerima chunk: 65536 bytes, sisa: 24226310 bytes
2025-04-11 09:08:58,897 - Server - INFO - Menerima chunk: 65536 bytes, sisa: 24160774 bytes
2025-04-11 09:08:58,900 - Server - INFO - Menerima chunk: 65536 bytes, sisa: 24095238 bytes
2025-04-11 09:08:58,902 - Server - INFO - Menerima chunk: 65536 bytes, sisa: 24029702 bytes
2025-04-11 09:08:58,904 - Server - INFO - Menerima chunk: 65536 bytes, sisa: 23964166 bytes
2025-04-11 09:08:58,906 - Server - INFO - Menerima chunk: 65536 bytes, sisa: 23898630 bytes
2025-04-11 09:08:58,908 - Server - INFO - Menerima chunk: 65536 bytes, sisa: 23833094 bytes
2025-04-11 09:08:58,910 - Server - INFO - Menerima chunk: 65536 bytes, sisa: 23767558 bytes
2025-04-11 09:08:58,913 - Server - INFO - Menerima chunk: 65536 bytes, sisa: 23702022 bytes
2025-04-11 09:08:58,915 - Server - INFO - Menerima chunk: 65536 bytes, sisa: 23636486 bytes
2025-04-11 09:08:58,918 - Server - INFO - Menerima chunk: 65536 bytes, sisa: 23570950 bytes
2025-04-11 09:08:58,920 - Server - INFO - Menerima chunk: 65536 bytes, sisa: 23505414 bytes
2025-04-11 09:08:58,922 - Server - INFO - Menerima chunk: 65536 bytes, sisa: 23439878 bytes
2025-04-11 09:08:58,924 - Server - INFO - Menerima chunk: 65536 bytes, sisa: 23374342 bytes
2025-04-11 09:08:58,926 - Server - INFO - Menerima chunk: 65536 bytes, sisa: 23308806 bytes
2025-04-11 09:08:58,928 - Server - INFO - Menerima chunk: 65536 bytes, sisa: 23243270 bytes
2025-04-11 09:08:58,931 - Server - INFO - Menerima chunk: 65536 bytes, sisa: 23177734 bytes
2025-04-11 09:08:58,935 - Server - INFO - Menerima chunk: 65536 bytes, sisa: 23112198 bytes
2025-04-11 09:08:58,941 - Server - INFO - Menerima chunk: 65536 bytes, sisa: 23046662 bytes
2025-04-11 09:08:58,943 - Server - INFO - Menerima chunk: 65536 bytes, sisa: 22981126 bytes
2025-04-11 09:08:58,946 - Server - INFO - Menerima chunk: 65536 bytes, sisa: 22915590 bytes
2025-04-11 09:08:58,948 - Server - INFO - Menerima chunk: 65536 bytes, sisa: 22850054 bytes
2025-04-11 09:08:58,951 - Server - INFO - Menerima chunk: 65536 bytes, sisa: 22784518 bytes
2025-04-11 09:08:58,955 - Server - INFO - Menerima chunk: 65536 bytes, sisa: 22718982 bytes
2025-04-11 09:08:58,958 - Server - INFO - Menerima chunk: 65536 bytes, sisa: 22653446 bytes
2025-04-11 09:08:58,961 - Server - INFO - Menerima chunk: 65536 bytes, sisa: 22587910 bytes
2025-04-11 09:08:58,964 - Server - INFO - Menerima chunk: 65536 bytes, sisa: 22522374 bytes
2025-04-11 09:08:58,967 - Server - INFO - Menerima chunk: 65536 bytes, sisa: 22456838 bytes
2025-04-11 09:08:58,969 - Server - INFO - Menerima chunk: 65536 bytes, sisa: 22391302 bytes
2025-04-11 09:08:58,972 - Server - INFO - Menerima chunk: 65536 bytes, sisa: 22325766 bytes
2025-04-11 09:08:58,975 - Server - INFO - Menerima chunk: 65536 bytes, sisa: 22260230 bytes
2025-04-11 09:08:58,978 - Server - INFO - Menerima chunk: 65536 bytes, sisa: 22194694 bytes
2025-04-11 09:08:58,981 - Server - INFO - Menerima chunk: 65536 bytes, sisa: 22129158 bytes
2025-04-11 09:08:58,984 - Server - INFO - Menerima chunk: 65536 bytes, sisa: 22063622 bytes
2025-04-11 09:08:58,986 - Server - INFO - Menerima chunk: 65536 bytes, sisa: 21998086 bytes
2025-04-11 09:08:58,989 - Server - INFO - Menerima chunk: 65536 bytes, sisa: 21932550 bytes
2025-04-11 09:08:58,992 - Server - INFO - Menerima chunk: 65536 bytes, sisa: 21867014 bytes
2025-04-11 09:08:58,996 - Server - INFO - Menerima chunk: 65536 bytes, sisa: 21801478 bytes
2025-04-11 09:08:58,999 - Server - INFO - Menerima chunk: 65536 bytes, sisa: 21735942 bytes
2025-04-11 09:08:59,002 - Server - INFO - Menerima chunk: 65536 bytes, sisa: 21670406 bytes
2025-04-11 09:08:59,004 - Server - INFO - Menerima chunk: 65536 bytes, sisa: 21604870 bytes
2025-04-11 09:08:59,007 - Server - INFO - Menerima chunk: 65536 bytes, sisa: 21539334 bytes
2025-04-11 09:08:59,010 - Server - INFO - Menerima chunk: 65536 bytes, sisa: 21473798 bytes
2025-04-11 09:08:59,012 - Server - INFO - Menerima chunk: 65536 bytes, sisa: 21408262 bytes
2025-04-11 09:08:59,015 - Server - INFO - Menerima chunk: 65536 bytes, sisa: 21342726 bytes
2025-04-11 09:08:59,017 - Server - INFO - Menerima chunk: 65536 bytes, sisa: 21277190 bytes
2025-04-11 09:08:59,020 - Server - INFO - Menerima chunk: 65536 bytes, sisa: 21211654 bytes
2025-04-11 09:08:59,022 - Server - INFO - Menerima chunk: 65536 bytes, sisa: 21146118 bytes
2025-04-11 09:08:59,025 - Server - INFO - Menerima chunk: 65536 bytes, sisa: 21080582 bytes
2025-04-11 09:08:59,027 - Server - INFO - Menerima chunk: 65536 bytes, sisa: 21015046 bytes
2025-04-11 09:08:59,030 - Server - INFO - Menerima chunk: 65536 bytes, sisa: 20949510 bytes
2025-04-11 09:08:59,033 - Server - INFO - Menerima chunk: 65536 bytes, sisa: 20883974 bytes
2025-04-11 09:08:59,036 - Server - INFO - Menerima chunk: 65536 bytes, sisa: 20818438 bytes
2025-04-11 09:08:59,040 - Server - INFO - Menerima chunk: 65536 bytes, sisa: 20752902 bytes
2025-04-11 09:08:59,049 - Server - INFO - Menerima chunk: 65536 bytes, sisa: 20687366 bytes
2025-04-11 09:08:59,056 - Server - INFO - Menerima chunk: 65536 bytes, sisa: 20621830 bytes
2025-04-11 09:08:59,059 - Server - INFO - Menerima chunk: 65536 bytes, sisa: 20556294 bytes
2025-04-11 09:08:59,062 - Server - INFO - Menerima chunk: 65536 bytes, sisa: 20490758 bytes
2025-04-11 09:08:59,065 - Server - INFO - Menerima chunk: 65536 bytes, sisa: 20425222 bytes
2025-04-11 09:08:59,069 - Server - INFO - Menerima chunk: 65536 bytes, sisa: 20359686 bytes
2025-04-11 09:08:59,073 - Server - INFO - Menerima chunk: 65536 bytes, sisa: 20294150 bytes
2025-04-11 09:08:59,076 - Server - INFO - Menerima chunk: 65536 bytes, sisa: 20228614 bytes
2025-04-11 09:08:59,080 - Server - INFO - Menerima chunk: 65536 bytes, sisa: 20163078 bytes
2025-04-11 09:08:59,083 - Server - INFO - Menerima chunk: 65536 bytes, sisa: 20097542 bytes
2025-04-11 09:08:59,087 - Server - INFO - Menerima chunk: 65536 bytes, sisa: 20032006 bytes
2025-04-11 09:08:59,090 - Server - INFO - Menerima chunk: 65536 bytes, sisa: 19966470 bytes
2025-04-11 09:08:59,094 - Server - INFO - Menerima chunk: 65536 bytes, sisa: 19900934 bytes
2025-04-11 09:08:59,098 - Server - INFO - Menerima chunk: 65536 bytes, sisa: 19835398 bytes
2025-04-11 09:08:59,103 - Server - INFO - Menerima chunk: 65536 bytes, sisa: 19769862 bytes
2025-04-11 09:08:59,107 - Server - INFO - Menerima chunk: 65536 bytes, sisa: 19704326 bytes
2025-04-11 09:08:59,111 - Server - INFO - Menerima chunk: 65536 bytes, sisa: 19638790 bytes
2025-04-11 09:08:59,115 - Server - INFO - Menerima chunk: 65536 bytes, sisa: 19573254 bytes
2025-04-11 09:08:59,119 - Server - INFO - Menerima chunk: 65536 bytes, sisa: 19507718 bytes
2025-04-11 09:08:59,123 - Server - INFO - Menerima chunk: 65536 bytes, sisa: 19442182 bytes
2025-04-11 09:08:59,128 - Server - INFO - Menerima chunk: 65536 bytes, sisa: 19376646 bytes
2025-04-11 09:08:59,132 - Server - INFO - Menerima chunk: 65536 bytes, sisa: 19311110 bytes
2025-04-11 09:08:59,135 - Server - INFO - Menerima chunk: 65536 bytes, sisa: 19245574 bytes
2025-04-11 09:08:59,139 - Server - INFO - Menerima chunk: 65536 bytes, sisa: 19180038 bytes
2025-04-11 09:08:59,143 - Server - INFO - Menerima chunk: 65536 bytes, sisa: 19114502 bytes
2025-04-11 09:08:59,149 - Server - INFO - Menerima chunk: 65536 bytes, sisa: 19048966 bytes
2025-04-11 09:08:59,158 - Server - INFO - Menerima chunk: 65536 bytes, sisa: 18983430 bytes
2025-04-11 09:08:59,164 - Server - INFO - Menerima chunk: 65536 bytes, sisa: 18917894 bytes
2025-04-11 09:08:59,168 - Server - INFO - Menerima chunk: 65536 bytes, sisa: 18852358 bytes
2025-04-11 09:08:59,172 - Server - INFO - Menerima chunk: 65536 bytes, sisa: 18786822 bytes
2025-04-11 09:08:59,176 - Server - INFO - Menerima chunk: 65536 bytes, sisa: 18721286 bytes
2025-04-11 09:08:59,181 - Server - INFO - Menerima chunk: 65536 bytes, sisa: 18655750 bytes
2025-04-11 09:08:59,185 - Server - INFO - Menerima chunk: 65536 bytes, sisa: 18590214 bytes
2025-04-11 09:08:59,192 - Server - INFO - Menerima chunk: 65536 bytes, sisa: 18524678 bytes
2025-04-11 09:08:59,196 - Server - INFO - Menerima chunk: 65536 bytes, sisa: 18459142 bytes
2025-04-11 09:08:59,200 - Server - INFO - Menerima chunk: 65536 bytes, sisa: 18393606 bytes
2025-04-11 09:08:59,205 - Server - INFO - Menerima chunk: 65536 bytes, sisa: 18328070 bytes
2025-04-11 09:08:59,210 - Server - INFO - Menerima chunk: 65536 bytes, sisa: 18262534 bytes
2025-04-11 09:08:59,215 - Server - INFO - Menerima chunk: 65536 bytes, sisa: 18196998 bytes
2025-04-11 09:08:59,221 - Server - INFO - Menerima chunk: 65536 bytes, sisa: 18131462 bytes
2025-04-11 09:08:59,226 - Server - INFO - Menerima chunk: 65536 bytes, sisa: 18065926 bytes
2025-04-11 09:08:59,232 - Server - INFO - Menerima chunk: 65536 bytes, sisa: 18000390 bytes
2025-04-11 09:08:59,237 - Server - INFO - Menerima chunk: 65536 bytes, sisa: 17934854 bytes
2025-04-11 09:08:59,242 - Server - INFO - Menerima chunk: 65536 bytes, sisa: 17869318 bytes
2025-04-11 09:08:59,246 - Server - INFO - Menerima chunk: 65536 bytes, sisa: 17803782 bytes
2025-04-11 09:08:59,251 - Server - INFO - Menerima chunk: 65536 bytes, sisa: 17738246 bytes
2025-04-11 09:08:59,255 - Server - INFO - Menerima chunk: 65536 bytes, sisa: 17672710 bytes
2025-04-11 09:08:59,261 - Server - INFO - Menerima chunk: 65536 bytes, sisa: 17607174 bytes
2025-04-11 09:08:59,268 - Server - INFO - Menerima chunk: 65536 bytes, sisa: 17541638 bytes
2025-04-11 09:08:59,277 - Server - INFO - Menerima chunk: 65536 bytes, sisa: 17476102 bytes
2025-04-11 09:08:59,281 - Server - INFO - Menerima chunk: 65536 bytes, sisa: 17410566 bytes
2025-04-11 09:08:59,286 - Server - INFO - Menerima chunk: 65536 bytes, sisa: 17345030 bytes
2025-04-11 09:08:59,290 - Server - INFO - Menerima chunk: 65536 bytes, sisa: 17279494 bytes
2025-04-11 09:08:59,295 - Server - INFO - Menerima chunk: 65536 bytes, sisa: 17213958 bytes
2025-04-11 09:08:59,301 - Server - INFO - Menerima chunk: 65536 bytes, sisa: 17148422 bytes
2025-04-11 09:08:59,306 - Server - INFO - Menerima chunk: 65536 bytes, sisa: 17082886 bytes
2025-04-11 09:08:59,311 - Server - INFO - Menerima chunk: 65536 bytes, sisa: 17017350 bytes
2025-04-11 09:08:59,317 - Server - INFO - Menerima chunk: 65536 bytes, sisa: 16951814 bytes
2025-04-11 09:08:59,322 - Server - INFO - Menerima chunk: 65536 bytes, sisa: 16886278 bytes
2025-04-11 09:08:59,328 - Server - INFO - Menerima chunk: 65536 bytes, sisa: 16820742 bytes
2025-04-11 09:08:59,333 - Server - INFO - Menerima chunk: 65536 bytes, sisa: 16755206 bytes
2025-04-11 09:08:59,339 - Server - INFO - Menerima chunk: 65536 bytes, sisa: 16689670 bytes
2025-04-11 09:08:59,345 - Server - INFO - Menerima chunk: 65536 bytes, sisa: 16624134 bytes
2025-04-11 09:08:59,350 - Server - INFO - Menerima chunk: 65536 bytes, sisa: 16558598 bytes
2025-04-11 09:08:59,355 - Server - INFO - Menerima chunk: 65536 bytes, sisa: 16493062 bytes
2025-04-11 09:08:59,362 - Server - INFO - Menerima chunk: 65536 bytes, sisa: 16427526 bytes
2025-04-11 09:08:59,370 - Server - INFO - Menerima chunk: 65536 bytes, sisa: 16361990 bytes
2025-04-11 09:08:59,381 - Server - INFO - Menerima chunk: 65536 bytes, sisa: 16296454 bytes
2025-04-11 09:08:59,386 - Server - INFO - Menerima chunk: 65536 bytes, sisa: 16230918 bytes
2025-04-11 09:08:59,392 - Server - INFO - Menerima chunk: 65536 bytes, sisa: 16165382 bytes
2025-04-11 09:08:59,396 - Server - INFO - Menerima chunk: 65536 bytes, sisa: 16099846 bytes
2025-04-11 09:08:59,401 - Server - INFO - Menerima chunk: 65536 bytes, sisa: 16034310 bytes
2025-04-11 09:08:59,405 - Server - INFO - Menerima chunk: 65536 bytes, sisa: 15968774 bytes
2025-04-11 09:08:59,411 - Server - INFO - Menerima chunk: 65536 bytes, sisa: 15903238 bytes
2025-04-11 09:08:59,416 - Server - INFO - Menerima chunk: 65536 bytes, sisa: 15837702 bytes
2025-04-11 09:08:59,423 - Server - INFO - Menerima chunk: 65536 bytes, sisa: 15772166 bytes
2025-04-11 09:08:59,429 - Server - INFO - Menerima chunk: 65536 bytes, sisa: 15706630 bytes
2025-04-11 09:08:59,434 - Server - INFO - Menerima chunk: 65536 bytes, sisa: 15641094 bytes
2025-04-11 09:08:59,439 - Server - INFO - Menerima chunk: 65536 bytes, sisa: 15575558 bytes
2025-04-11 09:08:59,445 - Server - INFO - Menerima chunk: 65536 bytes, sisa: 15510022 bytes
2025-04-11 09:08:59,452 - Server - INFO - Menerima chunk: 65536 bytes, sisa: 15444486 bytes
2025-04-11 09:08:59,460 - Server - INFO - Menerima chunk: 65536 bytes, sisa: 15378950 bytes
2025-04-11 09:08:59,465 - Server - INFO - Menerima chunk: 65536 bytes, sisa: 15313414 bytes
2025-04-11 09:08:59,471 - Server - INFO - Menerima chunk: 65536 bytes, sisa: 15247878 bytes
2025-04-11 09:08:59,477 - Server - INFO - Menerima chunk: 65536 bytes, sisa: 15182342 bytes
2025-04-11 09:08:59,484 - Server - INFO - Menerima chunk: 65536 bytes, sisa: 15116806 bytes
2025-04-11 09:08:59,494 - Server - INFO - Menerima chunk: 65536 bytes, sisa: 15051270 bytes
2025-04-11 09:08:59,501 - Server - INFO - Menerima chunk: 65536 bytes, sisa: 14985734 bytes
2025-04-11 09:08:59,507 - Server - INFO - Menerima chunk: 65536 bytes, sisa: 14920198 bytes
2025-04-11 09:08:59,513 - Server - INFO - Menerima chunk: 65536 bytes, sisa: 14854662 bytes
2025-04-11 09:08:59,519 - Server - INFO - Menerima chunk: 65536 bytes, sisa: 14789126 bytes
2025-04-11 09:08:59,525 - Server - INFO - Menerima chunk: 65536 bytes, sisa: 14723590 bytes
2025-04-11 09:08:59,531 - Server - INFO - Menerima chunk: 65536 bytes, sisa: 14658054 bytes
2025-04-11 09:08:59,536 - Server - INFO - Menerima chunk: 65536 bytes, sisa: 14592518 bytes
2025-04-11 09:08:59,542 - Server - INFO - Menerima chunk: 65536 bytes, sisa: 14526982 bytes
2025-04-11 09:08:59,549 - Server - INFO - Menerima chunk: 65536 bytes, sisa: 14461446 bytes
2025-04-11 09:08:59,555 - Server - INFO - Menerima chunk: 65536 bytes, sisa: 14395910 bytes
2025-04-11 09:08:59,564 - Server - INFO - Menerima chunk: 65536 bytes, sisa: 14330374 bytes
2025-04-11 09:08:59,570 - Server - INFO - Menerima chunk: 65536 bytes, sisa: 14264838 bytes
2025-04-11 09:08:59,576 - Server - INFO - Menerima chunk: 65536 bytes, sisa: 14199302 bytes
2025-04-11 09:08:59,582 - Server - INFO - Menerima chunk: 65536 bytes, sisa: 14133766 bytes
2025-04-11 09:08:59,589 - Server - INFO - Menerima chunk: 65536 bytes, sisa: 14068230 bytes
2025-04-11 09:08:59,602 - Server - INFO - Menerima chunk: 65536 bytes, sisa: 14002694 bytes
2025-04-11 09:08:59,608 - Server - INFO - Menerima chunk: 65536 bytes, sisa: 13937158 bytes
2025-04-11 09:08:59,614 - Server - INFO - Menerima chunk: 65536 bytes, sisa: 13871622 bytes
2025-04-11 09:08:59,622 - Server - INFO - Menerima chunk: 65536 bytes, sisa: 13806086 bytes
2025-04-11 09:08:59,629 - Server - INFO - Menerima chunk: 65536 bytes, sisa: 13740550 bytes
2025-04-11 09:08:59,635 - Server - INFO - Menerima chunk: 65536 bytes, sisa: 13675014 bytes
2025-04-11 09:08:59,643 - Server - INFO - Menerima chunk: 65536 bytes, sisa: 13609478 bytes
2025-04-11 09:08:59,649 - Server - INFO - Menerima chunk: 65536 bytes, sisa: 13543942 bytes
2025-04-11 09:08:59,655 - Server - INFO - Menerima chunk: 65536 bytes, sisa: 13478406 bytes
2025-04-11 09:08:59,663 - Server - INFO - Menerima chunk: 65536 bytes, sisa: 13412870 bytes
2025-04-11 09:08:59,671 - Server - INFO - Menerima chunk: 65536 bytes, sisa: 13347334 bytes
2025-04-11 09:08:59,679 - Server - INFO - Menerima chunk: 65536 bytes, sisa: 13281798 bytes
2025-04-11 09:08:59,687 - Server - INFO - Menerima chunk: 65536 bytes, sisa: 13216262 bytes
2025-04-11 09:08:59,693 - Server - INFO - Menerima chunk: 65536 bytes, sisa: 13150726 bytes
2025-04-11 09:08:59,702 - Server - INFO - Menerima chunk: 65536 bytes, sisa: 13085190 bytes
2025-04-11 09:08:59,715 - Server - INFO - Menerima chunk: 65536 bytes, sisa: 13019654 bytes
2025-04-11 09:08:59,721 - Server - INFO - Menerima chunk: 65536 bytes, sisa: 12954118 bytes
2025-04-11 09:08:59,727 - Server - INFO - Menerima chunk: 65536 bytes, sisa: 12888582 bytes
2025-04-11 09:08:59,734 - Server - INFO - Menerima chunk: 65536 bytes, sisa: 12823046 bytes
2025-04-11 09:08:59,740 - Server - INFO - Menerima chunk: 65536 bytes, sisa: 12757510 bytes
2025-04-11 09:08:59,748 - Server - INFO - Menerima chunk: 65536 bytes, sisa: 12691974 bytes
2025-04-11 09:08:59,755 - Server - INFO - Menerima chunk: 65536 bytes, sisa: 12626438 bytes
2025-04-11 09:08:59,764 - Server - INFO - Menerima chunk: 65536 bytes, sisa: 12560902 bytes
2025-04-11 09:08:59,772 - Server - INFO - Menerima chunk: 65536 bytes, sisa: 12495366 bytes
2025-04-11 09:08:59,780 - Server - INFO - Menerima chunk: 65536 bytes, sisa: 12429830 bytes
2025-04-11 09:08:59,788 - Server - INFO - Menerima chunk: 65536 bytes, sisa: 12364294 bytes
2025-04-11 09:08:59,795 - Server - INFO - Menerima chunk: 65536 bytes, sisa: 12298758 bytes
2025-04-11 09:08:59,804 - Server - INFO - Menerima chunk: 65536 bytes, sisa: 12233222 bytes
2025-04-11 09:08:59,813 - Server - INFO - Menerima chunk: 65536 bytes, sisa: 12167686 bytes
2025-04-11 09:08:59,824 - Server - INFO - Menerima chunk: 65536 bytes, sisa: 12102150 bytes
2025-04-11 09:08:59,831 - Server - INFO - Menerima chunk: 65536 bytes, sisa: 12036614 bytes
2025-04-11 09:08:59,839 - Server - INFO - Menerima chunk: 65536 bytes, sisa: 11971078 bytes
2025-04-11 09:08:59,846 - Server - INFO - Menerima chunk: 65536 bytes, sisa: 11905542 bytes
2025-04-11 09:08:59,853 - Server - INFO - Menerima chunk: 65536 bytes, sisa: 11840006 bytes
2025-04-11 09:08:59,859 - Server - INFO - Menerima chunk: 65536 bytes, sisa: 11774470 bytes
2025-04-11 09:08:59,867 - Server - INFO - Menerima chunk: 65536 bytes, sisa: 11708934 bytes
2025-04-11 09:08:59,874 - Server - INFO - Menerima chunk: 65536 bytes, sisa: 11643398 bytes
2025-04-11 09:08:59,880 - Server - INFO - Menerima chunk: 65536 bytes, sisa: 11577862 bytes
2025-04-11 09:08:59,886 - Server - INFO - Menerima chunk: 65536 bytes, sisa: 11512326 bytes
2025-04-11 09:08:59,892 - Server - INFO - Menerima chunk: 65536 bytes, sisa: 11446790 bytes
2025-04-11 09:08:59,899 - Server - INFO - Menerima chunk: 65536 bytes, sisa: 11381254 bytes
2025-04-11 09:08:59,911 - Server - INFO - Menerima chunk: 65536 bytes, sisa: 11315718 bytes
2025-04-11 09:08:59,922 - Server - INFO - Menerima chunk: 65536 bytes, sisa: 11250182 bytes
2025-04-11 09:08:59,934 - Server - INFO - Menerima chunk: 65536 bytes, sisa: 11184646 bytes
2025-04-11 09:08:59,942 - Server - INFO - Menerima chunk: 65536 bytes, sisa: 11119110 bytes
2025-04-11 09:08:59,950 - Server - INFO - Menerima chunk: 65536 bytes, sisa: 11053574 bytes
2025-04-11 09:08:59,957 - Server - INFO - Menerima chunk: 65536 bytes, sisa: 10988038 bytes
2025-04-11 09:08:59,966 - Server - INFO - Menerima chunk: 65536 bytes, sisa: 10922502 bytes
2025-04-11 09:08:59,975 - Server - INFO - Menerima chunk: 65536 bytes, sisa: 10856966 bytes
2025-04-11 09:08:59,983 - Server - INFO - Menerima chunk: 65536 bytes, sisa: 10791430 bytes
2025-04-11 09:08:59,990 - Server - INFO - Menerima chunk: 65536 bytes, sisa: 10725894 bytes
2025-04-11 09:08:59,998 - Server - INFO - Menerima chunk: 65536 bytes, sisa: 10660358 bytes
2025-04-11 09:09:00,006 - Server - INFO - Menerima chunk: 65536 bytes, sisa: 10594822 bytes
2025-04-11 09:09:00,021 - Server - INFO - Menerima chunk: 65536 bytes, sisa: 10529286 bytes
2025-04-11 09:09:00,029 - Server - INFO - Menerima chunk: 65536 bytes, sisa: 10463750 bytes
2025-04-11 09:09:00,037 - Server - INFO - Menerima chunk: 65536 bytes, sisa: 10398214 bytes
2025-04-11 09:09:00,047 - Server - INFO - Menerima chunk: 65536 bytes, sisa: 10332678 bytes
2025-04-11 09:09:00,055 - Server - INFO - Menerima chunk: 65536 bytes, sisa: 10267142 bytes
2025-04-11 09:09:00,065 - Server - INFO - Menerima chunk: 65536 bytes, sisa: 10201606 bytes
2025-04-11 09:09:00,077 - Server - INFO - Menerima chunk: 65536 bytes, sisa: 10136070 bytes
2025-04-11 09:09:00,091 - Server - INFO - Menerima chunk: 65536 bytes, sisa: 10070534 bytes
2025-04-11 09:09:00,098 - Server - INFO - Menerima chunk: 65536 bytes, sisa: 10004998 bytes
2025-04-11 09:09:00,107 - Server - INFO - Menerima chunk: 65536 bytes, sisa: 9939462 bytes
2025-04-11 09:09:00,113 - Server - INFO - Menerima chunk: 65536 bytes, sisa: 9873926 bytes
2025-04-11 09:09:00,122 - Server - INFO - Menerima chunk: 65536 bytes, sisa: 9808390 bytes
2025-04-11 09:09:00,135 - Server - INFO - Menerima chunk: 65536 bytes, sisa: 9742854 bytes
2025-04-11 09:09:00,142 - Server - INFO - Menerima chunk: 65536 bytes, sisa: 9677318 bytes
2025-04-11 09:09:00,148 - Server - INFO - Menerima chunk: 65536 bytes, sisa: 9611782 bytes
2025-04-11 09:09:00,156 - Server - INFO - Menerima chunk: 65536 bytes, sisa: 9546246 bytes
2025-04-11 09:09:00,163 - Server - INFO - Menerima chunk: 65536 bytes, sisa: 9480710 bytes
2025-04-11 09:09:00,170 - Server - INFO - Menerima chunk: 65536 bytes, sisa: 9415174 bytes
2025-04-11 09:09:00,178 - Server - INFO - Menerima chunk: 65536 bytes, sisa: 9349638 bytes
2025-04-11 09:09:00,188 - Server - INFO - Menerima chunk: 65536 bytes, sisa: 9284102 bytes
2025-04-11 09:09:00,198 - Server - INFO - Menerima chunk: 65536 bytes, sisa: 9218566 bytes
2025-04-11 09:09:00,208 - Server - INFO - Menerima chunk: 65536 bytes, sisa: 9153030 bytes
2025-04-11 09:09:00,217 - Server - INFO - Menerima chunk: 65536 bytes, sisa: 9087494 bytes
2025-04-11 09:09:00,224 - Server - INFO - Menerima chunk: 65536 bytes, sisa: 9021958 bytes
2025-04-11 09:09:00,235 - Server - INFO - Menerima chunk: 65536 bytes, sisa: 8956422 bytes
2025-04-11 09:09:00,248 - Server - INFO - Menerima chunk: 65536 bytes, sisa: 8890886 bytes
2025-04-11 09:09:00,255 - Server - INFO - Menerima chunk: 65536 bytes, sisa: 8825350 bytes
2025-04-11 09:09:00,263 - Server - INFO - Menerima chunk: 65536 bytes, sisa: 8759814 bytes
2025-04-11 09:09:00,270 - Server - INFO - Menerima chunk: 65536 bytes, sisa: 8694278 bytes
2025-04-11 09:09:00,279 - Server - INFO - Menerima chunk: 65536 bytes, sisa: 8628742 bytes
2025-04-11 09:09:00,289 - Server - INFO - Menerima chunk: 65536 bytes, sisa: 8563206 bytes
2025-04-11 09:09:00,298 - Server - INFO - Menerima chunk: 65536 bytes, sisa: 8497670 bytes
2025-04-11 09:09:00,308 - Server - INFO - Menerima chunk: 65536 bytes, sisa: 8432134 bytes
2025-04-11 09:09:00,317 - Server - INFO - Menerima chunk: 65536 bytes, sisa: 8366598 bytes
2025-04-11 09:09:00,326 - Server - INFO - Menerima chunk: 65536 bytes, sisa: 8301062 bytes
2025-04-11 09:09:00,338 - Server - INFO - Menerima chunk: 65536 bytes, sisa: 8235526 bytes
2025-04-11 09:09:00,348 - Server - INFO - Menerima chunk: 65536 bytes, sisa: 8169990 bytes
2025-04-11 09:09:00,356 - Server - INFO - Menerima chunk: 65536 bytes, sisa: 8104454 bytes
2025-04-11 09:09:00,367 - Server - INFO - Menerima chunk: 65536 bytes, sisa: 8038918 bytes
2025-04-11 09:09:00,377 - Server - INFO - Menerima chunk: 65536 bytes, sisa: 7973382 bytes
2025-04-11 09:09:00,385 - Server - INFO - Menerima chunk: 65536 bytes, sisa: 7907846 bytes
2025-04-11 09:09:00,396 - Server - INFO - Menerima chunk: 65536 bytes, sisa: 7842310 bytes
2025-04-11 09:09:00,407 - Server - INFO - Menerima chunk: 65536 bytes, sisa: 7776774 bytes
2025-04-11 09:09:00,419 - Server - INFO - Menerima chunk: 65536 bytes, sisa: 7711238 bytes
2025-04-11 09:09:00,429 - Server - INFO - Menerima chunk: 65536 bytes, sisa: 7645702 bytes
2025-04-11 09:09:00,440 - Server - INFO - Menerima chunk: 65536 bytes, sisa: 7580166 bytes
2025-04-11 09:09:00,455 - Server - INFO - Menerima chunk: 65536 bytes, sisa: 7514630 bytes
2025-04-11 09:09:00,465 - Server - INFO - Menerima chunk: 65536 bytes, sisa: 7449094 bytes
2025-04-11 09:09:00,475 - Server - INFO - Menerima chunk: 65536 bytes, sisa: 7383558 bytes
2025-04-11 09:09:00,483 - Server - INFO - Menerima chunk: 65536 bytes, sisa: 7318022 bytes
2025-04-11 09:09:00,491 - Server - INFO - Menerima chunk: 65536 bytes, sisa: 7252486 bytes
2025-04-11 09:09:00,507 - Server - INFO - Menerima chunk: 65536 bytes, sisa: 7186950 bytes
2025-04-11 09:09:00,514 - Server - INFO - Menerima chunk: 65536 bytes, sisa: 7121414 bytes
2025-04-11 09:09:00,524 - Server - INFO - Menerima chunk: 65536 bytes, sisa: 7055878 bytes
2025-04-11 09:09:00,533 - Server - INFO - Menerima chunk: 65536 bytes, sisa: 6990342 bytes
2025-04-11 09:09:00,543 - Server - INFO - Menerima chunk: 65536 bytes, sisa: 6924806 bytes
2025-04-11 09:09:00,553 - Server - INFO - Menerima chunk: 65536 bytes, sisa: 6859270 bytes
2025-04-11 09:09:00,565 - Server - INFO - Menerima chunk: 65536 bytes, sisa: 6793734 bytes
2025-04-11 09:09:00,576 - Server - INFO - Menerima chunk: 65536 bytes, sisa: 6728198 bytes
2025-04-11 09:09:00,587 - Server - INFO - Menerima chunk: 65536 bytes, sisa: 6662662 bytes
2025-04-11 09:09:00,595 - Server - INFO - Menerima chunk: 65536 bytes, sisa: 6597126 bytes
2025-04-11 09:09:00,603 - Server - INFO - Menerima chunk: 65536 bytes, sisa: 6531590 bytes
2025-04-11 09:09:00,612 - Server - INFO - Menerima chunk: 65536 bytes, sisa: 6466054 bytes
2025-04-11 09:09:00,622 - Server - INFO - Menerima chunk: 65536 bytes, sisa: 6400518 bytes
2025-04-11 09:09:00,632 - Server - INFO - Menerima chunk: 65536 bytes, sisa: 6334982 bytes
2025-04-11 09:09:00,640 - Server - INFO - Menerima chunk: 65536 bytes, sisa: 6269446 bytes
2025-04-11 09:09:00,650 - Server - INFO - Menerima chunk: 65536 bytes, sisa: 6203910 bytes
2025-04-11 09:09:00,662 - Server - INFO - Menerima chunk: 65536 bytes, sisa: 6138374 bytes
2025-04-11 09:09:00,672 - Server - INFO - Menerima chunk: 65536 bytes, sisa: 6072838 bytes
2025-04-11 09:09:00,679 - Server - INFO - Menerima chunk: 65536 bytes, sisa: 6007302 bytes
2025-04-11 09:09:00,689 - Server - INFO - Menerima chunk: 65536 bytes, sisa: 5941766 bytes
2025-04-11 09:09:00,698 - Server - INFO - Menerima chunk: 65536 bytes, sisa: 5876230 bytes
2025-04-11 09:09:00,707 - Server - INFO - Menerima chunk: 65536 bytes, sisa: 5810694 bytes
2025-04-11 09:09:00,715 - Server - INFO - Menerima chunk: 65536 bytes, sisa: 5745158 bytes
2025-04-11 09:09:00,725 - Server - INFO - Menerima chunk: 65536 bytes, sisa: 5679622 bytes
2025-04-11 09:09:00,733 - Server - INFO - Menerima chunk: 65536 bytes, sisa: 5614086 bytes
2025-04-11 09:09:00,743 - Server - INFO - Menerima chunk: 65536 bytes, sisa: 5548550 bytes
2025-04-11 09:09:00,750 - Server - INFO - Menerima chunk: 65536 bytes, sisa: 5483014 bytes
2025-04-11 09:09:00,760 - Server - INFO - Menerima chunk: 65536 bytes, sisa: 5417478 bytes
2025-04-11 09:09:00,770 - Server - INFO - Menerima chunk: 65536 bytes, sisa: 5351942 bytes
2025-04-11 09:09:00,780 - Server - INFO - Menerima chunk: 65536 bytes, sisa: 5286406 bytes
2025-04-11 09:09:00,790 - Server - INFO - Menerima chunk: 65536 bytes, sisa: 5220870 bytes
2025-04-11 09:09:00,798 - Server - INFO - Menerima chunk: 65536 bytes, sisa: 5155334 bytes
2025-04-11 09:09:00,808 - Server - INFO - Menerima chunk: 65536 bytes, sisa: 5089798 bytes
2025-04-11 09:09:00,818 - Server - INFO - Menerima chunk: 65536 bytes, sisa: 5024262 bytes
2025-04-11 09:09:00,827 - Server - INFO - Menerima chunk: 65536 bytes, sisa: 4958726 bytes
2025-04-11 09:09:00,838 - Server - INFO - Menerima chunk: 65536 bytes, sisa: 4893190 bytes
2025-04-11 09:09:00,845 - Server - INFO - Menerima chunk: 65536 bytes, sisa: 4827654 bytes
2025-04-11 09:09:00,855 - Server - INFO - Menerima chunk: 65536 bytes, sisa: 4762118 bytes
2025-04-11 09:09:00,866 - Server - INFO - Menerima chunk: 65536 bytes, sisa: 4696582 bytes
2025-04-11 09:09:00,875 - Server - INFO - Menerima chunk: 65536 bytes, sisa: 4631046 bytes
2025-04-11 09:09:00,885 - Server - INFO - Menerima chunk: 65536 bytes, sisa: 4565510 bytes
2025-04-11 09:09:00,894 - Server - INFO - Menerima chunk: 65536 bytes, sisa: 4499974 bytes
2025-04-11 09:09:00,903 - Server - INFO - Menerima chunk: 65536 bytes, sisa: 4434438 bytes
2025-04-11 09:09:00,913 - Server - INFO - Menerima chunk: 65536 bytes, sisa: 4368902 bytes
2025-04-11 09:09:00,923 - Server - INFO - Menerima chunk: 65536 bytes, sisa: 4303366 bytes
2025-04-11 09:09:00,936 - Server - INFO - Menerima chunk: 65536 bytes, sisa: 4237830 bytes
2025-04-11 09:09:00,951 - Server - INFO - Menerima chunk: 65536 bytes, sisa: 4172294 bytes
2025-04-11 09:09:00,964 - Server - INFO - Menerima chunk: 65536 bytes, sisa: 4106758 bytes
2025-04-11 09:09:00,977 - Server - INFO - Menerima chunk: 65536 bytes, sisa: 4041222 bytes
2025-04-11 09:09:00,988 - Server - INFO - Menerima chunk: 65536 bytes, sisa: 3975686 bytes
2025-04-11 09:09:00,998 - Server - INFO - Menerima chunk: 65536 bytes, sisa: 3910150 bytes
2025-04-11 09:09:01,010 - Server - INFO - Menerima chunk: 65536 bytes, sisa: 3844614 bytes
2025-04-11 09:09:01,018 - Server - INFO - Menerima chunk: 65536 bytes, sisa: 3779078 bytes
2025-04-11 09:09:01,026 - Server - INFO - Menerima chunk: 65536 bytes, sisa: 3713542 bytes
2025-04-11 09:09:01,034 - Server - INFO - Menerima chunk: 65536 bytes, sisa: 3648006 bytes
2025-04-11 09:09:01,043 - Server - INFO - Menerima chunk: 65536 bytes, sisa: 3582470 bytes
2025-04-11 09:09:01,053 - Server - INFO - Menerima chunk: 65536 bytes, sisa: 3516934 bytes
2025-04-11 09:09:01,065 - Server - INFO - Menerima chunk: 65536 bytes, sisa: 3451398 bytes
2025-04-11 09:09:01,077 - Server - INFO - Menerima chunk: 65536 bytes, sisa: 3385862 bytes
2025-04-11 09:09:01,087 - Server - INFO - Menerima chunk: 65536 bytes, sisa: 3320326 bytes
2025-04-11 09:09:01,100 - Server - INFO - Menerima chunk: 65536 bytes, sisa: 3254790 bytes
2025-04-11 09:09:01,111 - Server - INFO - Menerima chunk: 65536 bytes, sisa: 3189254 bytes
2025-04-11 09:09:01,121 - Server - INFO - Menerima chunk: 65536 bytes, sisa: 3123718 bytes
2025-04-11 09:09:01,131 - Server - INFO - Menerima chunk: 65536 bytes, sisa: 3058182 bytes
2025-04-11 09:09:01,139 - Server - INFO - Menerima chunk: 65536 bytes, sisa: 2992646 bytes
2025-04-11 09:09:01,146 - Server - INFO - Menerima chunk: 65536 bytes, sisa: 2927110 bytes
2025-04-11 09:09:01,155 - Server - INFO - Menerima chunk: 65536 bytes, sisa: 2861574 bytes
2025-04-11 09:09:01,165 - Server - INFO - Menerima chunk: 65536 bytes, sisa: 2796038 bytes
2025-04-11 09:09:01,175 - Server - INFO - Menerima chunk: 65536 bytes, sisa: 2730502 bytes
2025-04-11 09:09:01,185 - Server - INFO - Menerima chunk: 65536 bytes, sisa: 2664966 bytes
2025-04-11 09:09:01,197 - Server - INFO - Menerima chunk: 65536 bytes, sisa: 2599430 bytes
2025-04-11 09:09:01,206 - Server - INFO - Menerima chunk: 65536 bytes, sisa: 2533894 bytes
2025-04-11 09:09:01,218 - Server - INFO - Menerima chunk: 65536 bytes, sisa: 2468358 bytes
2025-04-11 09:09:01,229 - Server - INFO - Menerima chunk: 65536 bytes, sisa: 2402822 bytes
2025-04-11 09:09:01,237 - Server - INFO - Menerima chunk: 65536 bytes, sisa: 2337286 bytes
2025-04-11 09:09:01,247 - Server - INFO - Menerima chunk: 65536 bytes, sisa: 2271750 bytes
2025-04-11 09:09:01,257 - Server - INFO - Menerima chunk: 65536 bytes, sisa: 2206214 bytes
2025-04-11 09:09:01,266 - Server - INFO - Menerima chunk: 65536 bytes, sisa: 2140678 bytes
2025-04-11 09:09:01,274 - Server - INFO - Menerima chunk: 65536 bytes, sisa: 2075142 bytes
2025-04-11 09:09:01,284 - Server - INFO - Menerima chunk: 65536 bytes, sisa: 2009606 bytes
2025-04-11 09:09:01,294 - Server - INFO - Menerima chunk: 65536 bytes, sisa: 1944070 bytes
2025-04-11 09:09:01,304 - Server - INFO - Menerima chunk: 65536 bytes, sisa: 1878534 bytes
2025-04-11 09:09:01,313 - Server - INFO - Menerima chunk: 65536 bytes, sisa: 1812998 bytes
2025-04-11 09:09:01,324 - Server - INFO - Menerima chunk: 65536 bytes, sisa: 1747462 bytes
2025-04-11 09:09:01,333 - Server - INFO - Menerima chunk: 65536 bytes, sisa: 1681926 bytes
2025-04-11 09:09:01,343 - Server - INFO - Menerima chunk: 65536 bytes, sisa: 1616390 bytes
2025-04-11 09:09:01,353 - Server - INFO - Menerima chunk: 65536 bytes, sisa: 1550854 bytes
2025-04-11 09:09:01,362 - Server - INFO - Menerima chunk: 65536 bytes, sisa: 1485318 bytes
2025-04-11 09:09:01,372 - Server - INFO - Menerima chunk: 65536 bytes, sisa: 1419782 bytes
2025-04-11 09:09:01,381 - Server - INFO - Menerima chunk: 65536 bytes, sisa: 1354246 bytes
2025-04-11 09:09:01,390 - Server - INFO - Menerima chunk: 65536 bytes, sisa: 1288710 bytes
2025-04-11 09:09:01,399 - Server - INFO - Menerima chunk: 65536 bytes, sisa: 1223174 bytes
2025-04-11 09:09:01,411 - Server - INFO - Menerima chunk: 65536 bytes, sisa: 1157638 bytes
2025-04-11 09:09:01,422 - Server - INFO - Menerima chunk: 65536 bytes, sisa: 1092102 bytes
2025-04-11 09:09:01,431 - Server - INFO - Menerima chunk: 65536 bytes, sisa: 1026566 bytes
2025-04-11 09:09:01,442 - Server - INFO - Menerima chunk: 65536 bytes, sisa: 961030 bytes
2025-04-11 09:09:01,453 - Server - INFO - Menerima chunk: 65536 bytes, sisa: 895494 bytes
2025-04-11 09:09:01,462 - Server - INFO - Menerima chunk: 65536 bytes, sisa: 829958 bytes
2025-04-11 09:09:01,473 - Server - INFO - Menerima chunk: 65536 bytes, sisa: 764422 bytes
2025-04-11 09:09:01,484 - Server - INFO - Menerima chunk: 65536 bytes, sisa: 698886 bytes
2025-04-11 09:09:01,493 - Server - INFO - Menerima chunk: 65536 bytes, sisa: 633350 bytes
2025-04-11 09:09:01,504 - Server - INFO - Menerima chunk: 65536 bytes, sisa: 567814 bytes
2025-04-11 09:09:01,515 - Server - INFO - Menerima chunk: 65536 bytes, sisa: 502278 bytes
2025-04-11 09:09:01,527 - Server - INFO - Menerima chunk: 65536 bytes, sisa: 436742 bytes
2025-04-11 09:09:01,538 - Server - INFO - Menerima chunk: 65536 bytes, sisa: 371206 bytes
2025-04-11 09:09:01,550 - Server - INFO - Menerima chunk: 65536 bytes, sisa: 305670 bytes
2025-04-11 09:09:01,562 - Server - INFO - Menerima chunk: 65536 bytes, sisa: 240134 bytes
2025-04-11 09:09:01,572 - Server - INFO - Menerima chunk: 65536 bytes, sisa: 174598 bytes
2025-04-11 09:09:01,582 - Server - INFO - Menerima chunk: 65536 bytes, sisa: 109062 bytes
2025-04-11 09:09:01,595 - Server - INFO - Menerima chunk: 65536 bytes, sisa: 43526 bytes
2025-04-11 09:09:01,605 - Server - INFO - Menerima chunk: 43526 bytes, sisa: 0 bytes
2025-04-11 09:09:01,605 - Server - INFO - Selesai menerima data dari klien 1: 29600262 bytes
2025-04-11 09:09:01,605 - Server - INFO - Bersiap menerima 1026566 bytes data validasi dari klien 1
2025-04-11 09:09:01,606 - Server - INFO - Selesai menerima data validasi dari klien 1
2025-04-11 09:09:02,451 - Server - INFO - Accuracy: 1.0000
2025-04-11 09:09:02,451 - Server - INFO - Classification Report: {'0': {'precision': 1.0, 'recall': 1.0, 'f1-score': 1.0, 'support': 994.0}, 'accuracy': 1.0, 'macro avg': {'precision': 1.0, 'recall': 1.0, 'f1-score': 1.0, 'support': 994.0}, 'weighted avg': {'precision': 1.0, 'recall': 1.0, 'f1-score': 1.0, 'support': 994.0}}
2025-04-11 09:09:02,451 - Server - INFO - Akurasi model klien 1: 1.0000
2025-04-11 09:09:02,452 - Server - INFO - Koneksi dengan klien 1 ditutup
2025-04-11 09:09:02,747 - Server - INFO - Bersiap menerima 29600262 bytes dari klien 2
2025-04-11 09:09:02,752 - Server - INFO - Menerima chunk: 65536 bytes, sisa: 29534726 bytes
2025-04-11 09:09:02,752 - Server - INFO - Menerima chunk: 65536 bytes, sisa: 29469190 bytes
2025-04-11 09:09:02,752 - Server - INFO - Menerima chunk: 65536 bytes, sisa: 29403654 bytes
2025-04-11 09:09:02,753 - Server - INFO - Menerima chunk: 65536 bytes, sisa: 29338118 bytes
2025-04-11 09:09:02,753 - Server - INFO - Menerima chunk: 65536 bytes, sisa: 29272582 bytes
2025-04-11 09:09:02,753 - Server - INFO - Menerima chunk: 65536 bytes, sisa: 29207046 bytes
2025-04-11 09:09:02,753 - Server - INFO - Menerima chunk: 65536 bytes, sisa: 29141510 bytes
2025-04-11 09:09:02,753 - Server - INFO - Menerima chunk: 65536 bytes, sisa: 29075974 bytes
2025-04-11 09:09:02,754 - Server - INFO - Menerima chunk: 65536 bytes, sisa: 29010438 bytes
2025-04-11 09:09:02,754 - Server - INFO - Menerima chunk: 65536 bytes, sisa: 28944902 bytes
2025-04-11 09:09:02,754 - Server - INFO - Menerima chunk: 65536 bytes, sisa: 28879366 bytes
2025-04-11 09:09:02,754 - Server - INFO - Menerima chunk: 65536 bytes, sisa: 28813830 bytes
2025-04-11 09:09:02,754 - Server - INFO - Menerima chunk: 65536 bytes, sisa: 28748294 bytes
2025-04-11 09:09:02,754 - Server - INFO - Menerima chunk: 65536 bytes, sisa: 28682758 bytes
2025-04-11 09:09:02,755 - Server - INFO - Menerima chunk: 65536 bytes, sisa: 28617222 bytes
2025-04-11 09:09:02,755 - Server - INFO - Menerima chunk: 65536 bytes, sisa: 28551686 bytes
2025-04-11 09:09:02,756 - Server - INFO - Menerima chunk: 65536 bytes, sisa: 28486150 bytes
2025-04-11 09:09:02,756 - Server - INFO - Menerima chunk: 65536 bytes, sisa: 28420614 bytes
2025-04-11 09:09:02,757 - Server - INFO - Menerima chunk: 65536 bytes, sisa: 28355078 bytes
2025-04-11 09:09:02,757 - Server - INFO - Menerima chunk: 65536 bytes, sisa: 28289542 bytes
2025-04-11 09:09:02,758 - Server - INFO - Menerima chunk: 65536 bytes, sisa: 28224006 bytes
2025-04-11 09:09:02,759 - Server - INFO - Menerima chunk: 65536 bytes, sisa: 28158470 bytes
2025-04-11 09:09:02,759 - Server - INFO - Menerima chunk: 65536 bytes, sisa: 28092934 bytes
2025-04-11 09:09:02,760 - Server - INFO - Menerima chunk: 65536 bytes, sisa: 28027398 bytes
2025-04-11 09:09:02,761 - Server - INFO - Menerima chunk: 65536 bytes, sisa: 27961862 bytes
2025-04-11 09:09:02,761 - Server - INFO - Menerima chunk: 65536 bytes, sisa: 27896326 bytes
2025-04-11 09:09:02,762 - Server - INFO - Menerima chunk: 65536 bytes, sisa: 27830790 bytes
2025-04-11 09:09:02,762 - Server - INFO - Menerima chunk: 65536 bytes, sisa: 27765254 bytes
2025-04-11 09:09:02,763 - Server - INFO - Menerima chunk: 65536 bytes, sisa: 27699718 bytes
2025-04-11 09:09:02,764 - Server - INFO - Menerima chunk: 65536 bytes, sisa: 27634182 bytes
2025-04-11 09:09:02,764 - Server - INFO - Menerima chunk: 65536 bytes, sisa: 27568646 bytes
2025-04-11 09:09:02,765 - Server - INFO - Menerima chunk: 65536 bytes, sisa: 27503110 bytes
2025-04-11 09:09:02,765 - Server - INFO - Menerima chunk: 65536 bytes, sisa: 27437574 bytes
2025-04-11 09:09:02,766 - Server - INFO - Menerima chunk: 65536 bytes, sisa: 27372038 bytes
2025-04-11 09:09:02,766 - Server - INFO - Menerima chunk: 65536 bytes, sisa: 27306502 bytes
2025-04-11 09:09:02,767 - Server - INFO - Menerima chunk: 65536 bytes, sisa: 27240966 bytes
2025-04-11 09:09:02,767 - Server - INFO - Menerima chunk: 65536 bytes, sisa: 27175430 bytes
2025-04-11 09:09:02,768 - Server - INFO - Menerima chunk: 65536 bytes, sisa: 27109894 bytes
2025-04-11 09:09:02,769 - Server - INFO - Menerima chunk: 65536 bytes, sisa: 27044358 bytes
2025-04-11 09:09:02,769 - Server - INFO - Menerima chunk: 65536 bytes, sisa: 26978822 bytes
2025-04-11 09:09:02,770 - Server - INFO - Menerima chunk: 65536 bytes, sisa: 26913286 bytes
2025-04-11 09:09:02,771 - Server - INFO - Menerima chunk: 63814 bytes, sisa: 26849472 bytes
2025-04-11 09:09:02,772 - Server - INFO - Menerima chunk: 65536 bytes, sisa: 26783936 bytes
2025-04-11 09:09:02,773 - Server - INFO - Menerima chunk: 65536 bytes, sisa: 26718400 bytes
2025-04-11 09:09:02,774 - Server - INFO - Menerima chunk: 65536 bytes, sisa: 26652864 bytes
2025-04-11 09:09:02,774 - Server - INFO - Menerima chunk: 65536 bytes, sisa: 26587328 bytes
2025-04-11 09:09:02,775 - Server - INFO - Menerima chunk: 65536 bytes, sisa: 26521792 bytes
2025-04-11 09:09:02,776 - Server - INFO - Menerima chunk: 65536 bytes, sisa: 26456256 bytes
2025-04-11 09:09:02,777 - Server - INFO - Menerima chunk: 65536 bytes, sisa: 26390720 bytes
2025-04-11 09:09:02,778 - Server - INFO - Menerima chunk: 65536 bytes, sisa: 26325184 bytes
2025-04-11 09:09:02,779 - Server - INFO - Menerima chunk: 65536 bytes, sisa: 26259648 bytes
2025-04-11 09:09:02,780 - Server - INFO - Menerima chunk: 65536 bytes, sisa: 26194112 bytes
2025-04-11 09:09:02,780 - Server - INFO - Menerima chunk: 65536 bytes, sisa: 26128576 bytes
2025-04-11 09:09:02,781 - Server - INFO - Menerima chunk: 65536 bytes, sisa: 26063040 bytes
2025-04-11 09:09:02,782 - Server - INFO - Menerima chunk: 65536 bytes, sisa: 25997504 bytes
2025-04-11 09:09:02,783 - Server - INFO - Menerima chunk: 65536 bytes, sisa: 25931968 bytes
2025-04-11 09:09:02,784 - Server - INFO - Menerima chunk: 65536 bytes, sisa: 25866432 bytes
2025-04-11 09:09:02,785 - Server - INFO - Menerima chunk: 65536 bytes, sisa: 25800896 bytes
2025-04-11 09:09:02,786 - Server - INFO - Menerima chunk: 65536 bytes, sisa: 25735360 bytes
2025-04-11 09:09:02,787 - Server - INFO - Menerima chunk: 65536 bytes, sisa: 25669824 bytes
2025-04-11 09:09:02,788 - Server - INFO - Menerima chunk: 65536 bytes, sisa: 25604288 bytes
2025-04-11 09:09:02,789 - Server - INFO - Menerima chunk: 65536 bytes, sisa: 25538752 bytes
2025-04-11 09:09:02,790 - Server - INFO - Menerima chunk: 65536 bytes, sisa: 25473216 bytes
2025-04-11 09:09:02,791 - Server - INFO - Menerima chunk: 65536 bytes, sisa: 25407680 bytes
2025-04-11 09:09:02,791 - Server - INFO - Menerima chunk: 65536 bytes, sisa: 25342144 bytes
2025-04-11 09:09:02,792 - Server - INFO - Menerima chunk: 65536 bytes, sisa: 25276608 bytes
2025-04-11 09:09:02,793 - Server - INFO - Menerima chunk: 65536 bytes, sisa: 25211072 bytes
2025-04-11 09:09:02,793 - Server - INFO - Menerima chunk: 65536 bytes, sisa: 25145536 bytes
2025-04-11 09:09:02,794 - Server - INFO - Menerima chunk: 65536 bytes, sisa: 25080000 bytes
2025-04-11 09:09:02,795 - Server - INFO - Menerima chunk: 65536 bytes, sisa: 25014464 bytes
2025-04-11 09:09:02,796 - Server - INFO - Menerima chunk: 65536 bytes, sisa: 24948928 bytes
2025-04-11 09:09:02,797 - Server - INFO - Menerima chunk: 65536 bytes, sisa: 24883392 bytes
2025-04-11 09:09:02,799 - Server - INFO - Menerima chunk: 65536 bytes, sisa: 24817856 bytes
2025-04-11 09:09:02,800 - Server - INFO - Menerima chunk: 65536 bytes, sisa: 24752320 bytes
2025-04-11 09:09:02,801 - Server - INFO - Menerima chunk: 65536 bytes, sisa: 24686784 bytes
2025-04-11 09:09:02,802 - Server - INFO - Menerima chunk: 65536 bytes, sisa: 24621248 bytes
2025-04-11 09:09:02,803 - Server - INFO - Menerima chunk: 65536 bytes, sisa: 24555712 bytes
2025-04-11 09:09:02,804 - Server - INFO - Menerima chunk: 65536 bytes, sisa: 24490176 bytes
2025-04-11 09:09:02,805 - Server - INFO - Menerima chunk: 65536 bytes, sisa: 24424640 bytes
2025-04-11 09:09:02,806 - Server - INFO - Menerima chunk: 65536 bytes, sisa: 24359104 bytes
2025-04-11 09:09:02,807 - Server - INFO - Menerima chunk: 65536 bytes, sisa: 24293568 bytes
2025-04-11 09:09:02,808 - Server - INFO - Menerima chunk: 65536 bytes, sisa: 24228032 bytes
2025-04-11 09:09:02,809 - Server - INFO - Menerima chunk: 65536 bytes, sisa: 24162496 bytes
2025-04-11 09:09:02,810 - Server - INFO - Menerima chunk: 65536 bytes, sisa: 24096960 bytes
2025-04-11 09:09:02,811 - Server - INFO - Menerima chunk: 65536 bytes, sisa: 24031424 bytes
2025-04-11 09:09:02,812 - Server - INFO - Menerima chunk: 65536 bytes, sisa: 23965888 bytes
2025-04-11 09:09:02,813 - Server - INFO - Menerima chunk: 65536 bytes, sisa: 23900352 bytes
2025-04-11 09:09:02,814 - Server - INFO - Menerima chunk: 65536 bytes, sisa: 23834816 bytes
2025-04-11 09:09:02,815 - Server - INFO - Menerima chunk: 65536 bytes, sisa: 23769280 bytes
2025-04-11 09:09:02,816 - Server - INFO - Menerima chunk: 65536 bytes, sisa: 23703744 bytes
2025-04-11 09:09:02,817 - Server - INFO - Menerima chunk: 65536 bytes, sisa: 23638208 bytes
2025-04-11 09:09:02,818 - Server - INFO - Menerima chunk: 65536 bytes, sisa: 23572672 bytes
2025-04-11 09:09:02,819 - Server - INFO - Menerima chunk: 65536 bytes, sisa: 23507136 bytes
2025-04-11 09:09:02,820 - Server - INFO - Menerima chunk: 65536 bytes, sisa: 23441600 bytes
2025-04-11 09:09:02,822 - Server - INFO - Menerima chunk: 65536 bytes, sisa: 23376064 bytes
2025-04-11 09:09:02,823 - Server - INFO - Menerima chunk: 65536 bytes, sisa: 23310528 bytes
2025-04-11 09:09:02,824 - Server - INFO - Menerima chunk: 65536 bytes, sisa: 23244992 bytes
2025-04-11 09:09:02,825 - Server - INFO - Menerima chunk: 65536 bytes, sisa: 23179456 bytes
2025-04-11 09:09:02,826 - Server - INFO - Menerima chunk: 65536 bytes, sisa: 23113920 bytes
2025-04-11 09:09:02,827 - Server - INFO - Menerima chunk: 65536 bytes, sisa: 23048384 bytes
2025-04-11 09:09:02,828 - Server - INFO - Menerima chunk: 65536 bytes, sisa: 22982848 bytes
2025-04-11 09:09:02,829 - Server - INFO - Menerima chunk: 65536 bytes, sisa: 22917312 bytes
2025-04-11 09:09:02,830 - Server - INFO - Menerima chunk: 65536 bytes, sisa: 22851776 bytes
2025-04-11 09:09:02,831 - Server - INFO - Menerima chunk: 65536 bytes, sisa: 22786240 bytes
2025-04-11 09:09:02,834 - Server - INFO - Menerima chunk: 65536 bytes, sisa: 22720704 bytes
2025-04-11 09:09:02,835 - Server - INFO - Menerima chunk: 65536 bytes, sisa: 22655168 bytes
2025-04-11 09:09:02,836 - Server - INFO - Menerima chunk: 65536 bytes, sisa: 22589632 bytes
2025-04-11 09:09:02,838 - Server - INFO - Menerima chunk: 65536 bytes, sisa: 22524096 bytes
2025-04-11 09:09:02,839 - Server - INFO - Menerima chunk: 65536 bytes, sisa: 22458560 bytes
2025-04-11 09:09:02,840 - Server - INFO - Menerima chunk: 65536 bytes, sisa: 22393024 bytes
2025-04-11 09:09:02,841 - Server - INFO - Menerima chunk: 65536 bytes, sisa: 22327488 bytes
2025-04-11 09:09:02,842 - Server - INFO - Menerima chunk: 65536 bytes, sisa: 22261952 bytes
2025-04-11 09:09:02,843 - Server - INFO - Menerima chunk: 65536 bytes, sisa: 22196416 bytes
2025-04-11 09:09:02,844 - Server - INFO - Menerima chunk: 65536 bytes, sisa: 22130880 bytes
2025-04-11 09:09:02,845 - Server - INFO - Menerima chunk: 65536 bytes, sisa: 22065344 bytes
2025-04-11 09:09:02,846 - Server - INFO - Menerima chunk: 65536 bytes, sisa: 21999808 bytes
2025-04-11 09:09:02,848 - Server - INFO - Menerima chunk: 65536 bytes, sisa: 21934272 bytes
2025-04-11 09:09:02,849 - Server - INFO - Menerima chunk: 65536 bytes, sisa: 21868736 bytes
2025-04-11 09:09:02,851 - Server - INFO - Menerima chunk: 65536 bytes, sisa: 21803200 bytes
2025-04-11 09:09:02,852 - Server - INFO - Menerima chunk: 65536 bytes, sisa: 21737664 bytes
2025-04-11 09:09:02,854 - Server - INFO - Menerima chunk: 65536 bytes, sisa: 21672128 bytes
2025-04-11 09:09:02,855 - Server - INFO - Menerima chunk: 65536 bytes, sisa: 21606592 bytes
2025-04-11 09:09:02,856 - Server - INFO - Menerima chunk: 65536 bytes, sisa: 21541056 bytes
2025-04-11 09:09:02,858 - Server - INFO - Menerima chunk: 65536 bytes, sisa: 21475520 bytes
2025-04-11 09:09:02,859 - Server - INFO - Menerima chunk: 65536 bytes, sisa: 21409984 bytes
2025-04-11 09:09:02,860 - Server - INFO - Menerima chunk: 65536 bytes, sisa: 21344448 bytes
2025-04-11 09:09:02,861 - Server - INFO - Menerima chunk: 65536 bytes, sisa: 21278912 bytes
2025-04-11 09:09:02,863 - Server - INFO - Menerima chunk: 65536 bytes, sisa: 21213376 bytes
2025-04-11 09:09:02,864 - Server - INFO - Menerima chunk: 65536 bytes, sisa: 21147840 bytes
2025-04-11 09:09:02,866 - Server - INFO - Menerima chunk: 65536 bytes, sisa: 21082304 bytes
2025-04-11 09:09:02,867 - Server - INFO - Menerima chunk: 65536 bytes, sisa: 21016768 bytes
2025-04-11 09:09:02,868 - Server - INFO - Menerima chunk: 65536 bytes, sisa: 20951232 bytes
2025-04-11 09:09:02,869 - Server - INFO - Menerima chunk: 65536 bytes, sisa: 20885696 bytes
2025-04-11 09:09:02,870 - Server - INFO - Menerima chunk: 65536 bytes, sisa: 20820160 bytes
2025-04-11 09:09:02,872 - Server - INFO - Menerima chunk: 65536 bytes, sisa: 20754624 bytes
2025-04-11 09:09:02,873 - Server - INFO - Menerima chunk: 65536 bytes, sisa: 20689088 bytes
2025-04-11 09:09:02,876 - Server - INFO - Menerima chunk: 65536 bytes, sisa: 20623552 bytes
2025-04-11 09:09:02,877 - Server - INFO - Menerima chunk: 65536 bytes, sisa: 20558016 bytes
2025-04-11 09:09:02,878 - Server - INFO - Menerima chunk: 65536 bytes, sisa: 20492480 bytes
2025-04-11 09:09:02,880 - Server - INFO - Menerima chunk: 65536 bytes, sisa: 20426944 bytes
2025-04-11 09:09:02,881 - Server - INFO - Menerima chunk: 65536 bytes, sisa: 20361408 bytes
2025-04-11 09:09:02,883 - Server - INFO - Menerima chunk: 65536 bytes, sisa: 20295872 bytes
2025-04-11 09:09:02,884 - Server - INFO - Menerima chunk: 65536 bytes, sisa: 20230336 bytes
2025-04-11 09:09:02,885 - Server - INFO - Menerima chunk: 65536 bytes, sisa: 20164800 bytes
2025-04-11 09:09:02,887 - Server - INFO - Menerima chunk: 65536 bytes, sisa: 20099264 bytes
2025-04-11 09:09:02,888 - Server - INFO - Menerima chunk: 65536 bytes, sisa: 20033728 bytes
2025-04-11 09:09:02,889 - Server - INFO - Menerima chunk: 65536 bytes, sisa: 19968192 bytes
2025-04-11 09:09:02,891 - Server - INFO - Menerima chunk: 65536 bytes, sisa: 19902656 bytes
2025-04-11 09:09:02,892 - Server - INFO - Menerima chunk: 65536 bytes, sisa: 19837120 bytes
2025-04-11 09:09:02,893 - Server - INFO - Menerima chunk: 65536 bytes, sisa: 19771584 bytes
2025-04-11 09:09:02,895 - Server - INFO - Menerima chunk: 65536 bytes, sisa: 19706048 bytes
2025-04-11 09:09:02,896 - Server - INFO - Menerima chunk: 65536 bytes, sisa: 19640512 bytes
2025-04-11 09:09:02,898 - Server - INFO - Menerima chunk: 65536 bytes, sisa: 19574976 bytes
2025-04-11 09:09:02,900 - Server - INFO - Menerima chunk: 65536 bytes, sisa: 19509440 bytes
2025-04-11 09:09:02,901 - Server - INFO - Menerima chunk: 65536 bytes, sisa: 19443904 bytes
2025-04-11 09:09:02,903 - Server - INFO - Menerima chunk: 65536 bytes, sisa: 19378368 bytes
2025-04-11 09:09:02,904 - Server - INFO - Menerima chunk: 65536 bytes, sisa: 19312832 bytes
2025-04-11 09:09:02,906 - Server - INFO - Menerima chunk: 65536 bytes, sisa: 19247296 bytes
2025-04-11 09:09:02,907 - Server - INFO - Menerima chunk: 65536 bytes, sisa: 19181760 bytes
2025-04-11 09:09:02,909 - Server - INFO - Menerima chunk: 65536 bytes, sisa: 19116224 bytes
2025-04-11 09:09:02,910 - Server - INFO - Menerima chunk: 65536 bytes, sisa: 19050688 bytes
2025-04-11 09:09:02,912 - Server - INFO - Menerima chunk: 65536 bytes, sisa: 18985152 bytes
2025-04-11 09:09:02,914 - Server - INFO - Menerima chunk: 65536 bytes, sisa: 18919616 bytes
2025-04-11 09:09:02,916 - Server - INFO - Menerima chunk: 65536 bytes, sisa: 18854080 bytes
2025-04-11 09:09:02,917 - Server - INFO - Menerima chunk: 65536 bytes, sisa: 18788544 bytes
2025-04-11 09:09:02,919 - Server - INFO - Menerima chunk: 65536 bytes, sisa: 18723008 bytes
2025-04-11 09:09:02,920 - Server - INFO - Menerima chunk: 65536 bytes, sisa: 18657472 bytes
2025-04-11 09:09:02,922 - Server - INFO - Menerima chunk: 65536 bytes, sisa: 18591936 bytes
2025-04-11 09:09:02,925 - Server - INFO - Menerima chunk: 65536 bytes, sisa: 18526400 bytes
2025-04-11 09:09:02,926 - Server - INFO - Menerima chunk: 65536 bytes, sisa: 18460864 bytes
2025-04-11 09:09:02,928 - Server - INFO - Menerima chunk: 65536 bytes, sisa: 18395328 bytes
2025-04-11 09:09:02,930 - Server - INFO - Menerima chunk: 65536 bytes, sisa: 18329792 bytes
2025-04-11 09:09:02,932 - Server - INFO - Menerima chunk: 65536 bytes, sisa: 18264256 bytes
2025-04-11 09:09:02,933 - Server - INFO - Menerima chunk: 65536 bytes, sisa: 18198720 bytes
2025-04-11 09:09:02,935 - Server - INFO - Menerima chunk: 65536 bytes, sisa: 18133184 bytes
2025-04-11 09:09:02,937 - Server - INFO - Menerima chunk: 65536 bytes, sisa: 18067648 bytes
2025-04-11 09:09:02,938 - Server - INFO - Menerima chunk: 65536 bytes, sisa: 18002112 bytes
2025-04-11 09:09:02,940 - Server - INFO - Menerima chunk: 65536 bytes, sisa: 17936576 bytes
2025-04-11 09:09:02,942 - Server - INFO - Menerima chunk: 65536 bytes, sisa: 17871040 bytes
2025-04-11 09:09:02,944 - Server - INFO - Menerima chunk: 65536 bytes, sisa: 17805504 bytes
2025-04-11 09:09:02,946 - Server - INFO - Menerima chunk: 65536 bytes, sisa: 17739968 bytes
2025-04-11 09:09:02,948 - Server - INFO - Menerima chunk: 65536 bytes, sisa: 17674432 bytes
2025-04-11 09:09:02,950 - Server - INFO - Menerima chunk: 65536 bytes, sisa: 17608896 bytes
2025-04-11 09:09:02,952 - Server - INFO - Menerima chunk: 65536 bytes, sisa: 17543360 bytes
2025-04-11 09:09:02,954 - Server - INFO - Menerima chunk: 65536 bytes, sisa: 17477824 bytes
2025-04-11 09:09:02,956 - Server - INFO - Menerima chunk: 65536 bytes, sisa: 17412288 bytes
2025-04-11 09:09:02,958 - Server - INFO - Menerima chunk: 65536 bytes, sisa: 17346752 bytes
2025-04-11 09:09:02,960 - Server - INFO - Menerima chunk: 65536 bytes, sisa: 17281216 bytes
2025-04-11 09:09:02,961 - Server - INFO - Menerima chunk: 65536 bytes, sisa: 17215680 bytes
2025-04-11 09:09:02,963 - Server - INFO - Menerima chunk: 65536 bytes, sisa: 17150144 bytes
2025-04-11 09:09:02,965 - Server - INFO - Menerima chunk: 65536 bytes, sisa: 17084608 bytes
2025-04-11 09:09:02,967 - Server - INFO - Menerima chunk: 65536 bytes, sisa: 17019072 bytes
2025-04-11 09:09:02,968 - Server - INFO - Menerima chunk: 65536 bytes, sisa: 16953536 bytes
2025-04-11 09:09:02,970 - Server - INFO - Menerima chunk: 65536 bytes, sisa: 16888000 bytes
2025-04-11 09:09:02,972 - Server - INFO - Menerima chunk: 65536 bytes, sisa: 16822464 bytes
2025-04-11 09:09:02,974 - Server - INFO - Menerima chunk: 65536 bytes, sisa: 16756928 bytes
2025-04-11 09:09:02,976 - Server - INFO - Menerima chunk: 65536 bytes, sisa: 16691392 bytes
2025-04-11 09:09:02,979 - Server - INFO - Menerima chunk: 65536 bytes, sisa: 16625856 bytes
2025-04-11 09:09:02,980 - Server - INFO - Menerima chunk: 65536 bytes, sisa: 16560320 bytes
2025-04-11 09:09:02,982 - Server - INFO - Menerima chunk: 65536 bytes, sisa: 16494784 bytes
2025-04-11 09:09:02,986 - Server - INFO - Menerima chunk: 65536 bytes, sisa: 16429248 bytes
2025-04-11 09:09:02,988 - Server - INFO - Menerima chunk: 65536 bytes, sisa: 16363712 bytes
2025-04-11 09:09:02,991 - Server - INFO - Menerima chunk: 65536 bytes, sisa: 16298176 bytes
2025-04-11 09:09:02,993 - Server - INFO - Menerima chunk: 65536 bytes, sisa: 16232640 bytes
2025-04-11 09:09:02,995 - Server - INFO - Menerima chunk: 65536 bytes, sisa: 16167104 bytes
2025-04-11 09:09:02,997 - Server - INFO - Menerima chunk: 65536 bytes, sisa: 16101568 bytes
2025-04-11 09:09:02,999 - Server - INFO - Menerima chunk: 65536 bytes, sisa: 16036032 bytes
2025-04-11 09:09:03,001 - Server - INFO - Menerima chunk: 65536 bytes, sisa: 15970496 bytes
2025-04-11 09:09:03,003 - Server - INFO - Menerima chunk: 65536 bytes, sisa: 15904960 bytes
2025-04-11 09:09:03,005 - Server - INFO - Menerima chunk: 65536 bytes, sisa: 15839424 bytes
2025-04-11 09:09:03,007 - Server - INFO - Menerima chunk: 65536 bytes, sisa: 15773888 bytes
2025-04-11 09:09:03,009 - Server - INFO - Menerima chunk: 65536 bytes, sisa: 15708352 bytes
2025-04-11 09:09:03,011 - Server - INFO - Menerima chunk: 65536 bytes, sisa: 15642816 bytes
2025-04-11 09:09:03,013 - Server - INFO - Menerima chunk: 65536 bytes, sisa: 15577280 bytes
2025-04-11 09:09:03,015 - Server - INFO - Menerima chunk: 65536 bytes, sisa: 15511744 bytes
2025-04-11 09:09:03,017 - Server - INFO - Menerima chunk: 65536 bytes, sisa: 15446208 bytes
2025-04-11 09:09:03,019 - Server - INFO - Menerima chunk: 65536 bytes, sisa: 15380672 bytes
2025-04-11 09:09:03,022 - Server - INFO - Menerima chunk: 65536 bytes, sisa: 15315136 bytes
2025-04-11 09:09:03,024 - Server - INFO - Menerima chunk: 65536 bytes, sisa: 15249600 bytes
2025-04-11 09:09:03,027 - Server - INFO - Menerima chunk: 65536 bytes, sisa: 15184064 bytes
2025-04-11 09:09:03,030 - Server - INFO - Menerima chunk: 65536 bytes, sisa: 15118528 bytes
2025-04-11 09:09:03,032 - Server - INFO - Menerima chunk: 65536 bytes, sisa: 15052992 bytes
2025-04-11 09:09:03,035 - Server - INFO - Menerima chunk: 65536 bytes, sisa: 14987456 bytes
2025-04-11 09:09:03,037 - Server - INFO - Menerima chunk: 65536 bytes, sisa: 14921920 bytes
2025-04-11 09:09:03,040 - Server - INFO - Menerima chunk: 65536 bytes, sisa: 14856384 bytes
2025-04-11 09:09:03,042 - Server - INFO - Menerima chunk: 65536 bytes, sisa: 14790848 bytes
2025-04-11 09:09:03,045 - Server - INFO - Menerima chunk: 65536 bytes, sisa: 14725312 bytes
2025-04-11 09:09:03,047 - Server - INFO - Menerima chunk: 65536 bytes, sisa: 14659776 bytes
2025-04-11 09:09:03,049 - Server - INFO - Menerima chunk: 65536 bytes, sisa: 14594240 bytes
2025-04-11 09:09:03,051 - Server - INFO - Menerima chunk: 65536 bytes, sisa: 14528704 bytes
2025-04-11 09:09:03,054 - Server - INFO - Menerima chunk: 65536 bytes, sisa: 14463168 bytes
2025-04-11 09:09:03,057 - Server - INFO - Menerima chunk: 65536 bytes, sisa: 14397632 bytes
2025-04-11 09:09:03,061 - Server - INFO - Menerima chunk: 65536 bytes, sisa: 14332096 bytes
2025-04-11 09:09:03,063 - Server - INFO - Menerima chunk: 65536 bytes, sisa: 14266560 bytes
2025-04-11 09:09:03,066 - Server - INFO - Menerima chunk: 65536 bytes, sisa: 14201024 bytes
2025-04-11 09:09:03,069 - Server - INFO - Menerima chunk: 65536 bytes, sisa: 14135488 bytes
2025-04-11 09:09:03,071 - Server - INFO - Menerima chunk: 65536 bytes, sisa: 14069952 bytes
2025-04-11 09:09:03,073 - Server - INFO - Menerima chunk: 65536 bytes, sisa: 14004416 bytes
2025-04-11 09:09:03,076 - Server - INFO - Menerima chunk: 65536 bytes, sisa: 13938880 bytes
2025-04-11 09:09:03,078 - Server - INFO - Menerima chunk: 65536 bytes, sisa: 13873344 bytes
2025-04-11 09:09:03,080 - Server - INFO - Menerima chunk: 65536 bytes, sisa: 13807808 bytes
2025-04-11 09:09:03,083 - Server - INFO - Menerima chunk: 65536 bytes, sisa: 13742272 bytes
2025-04-11 09:09:03,085 - Server - INFO - Menerima chunk: 65536 bytes, sisa: 13676736 bytes
2025-04-11 09:09:03,088 - Server - INFO - Menerima chunk: 65536 bytes, sisa: 13611200 bytes
2025-04-11 09:09:03,090 - Server - INFO - Menerima chunk: 65536 bytes, sisa: 13545664 bytes
2025-04-11 09:09:03,092 - Server - INFO - Menerima chunk: 65536 bytes, sisa: 13480128 bytes
2025-04-11 09:09:03,095 - Server - INFO - Menerima chunk: 65536 bytes, sisa: 13414592 bytes
2025-04-11 09:09:03,097 - Server - INFO - Menerima chunk: 65536 bytes, sisa: 13349056 bytes
2025-04-11 09:09:03,100 - Server - INFO - Menerima chunk: 65536 bytes, sisa: 13283520 bytes
2025-04-11 09:09:03,103 - Server - INFO - Menerima chunk: 65536 bytes, sisa: 13217984 bytes
2025-04-11 09:09:03,106 - Server - INFO - Menerima chunk: 65536 bytes, sisa: 13152448 bytes
2025-04-11 09:09:03,109 - Server - INFO - Menerima chunk: 65536 bytes, sisa: 13086912 bytes
2025-04-11 09:09:03,111 - Server - INFO - Menerima chunk: 65536 bytes, sisa: 13021376 bytes
2025-04-11 09:09:03,115 - Server - INFO - Menerima chunk: 65536 bytes, sisa: 12955840 bytes
2025-04-11 09:09:03,117 - Server - INFO - Menerima chunk: 65536 bytes, sisa: 12890304 bytes
2025-04-11 09:09:03,120 - Server - INFO - Menerima chunk: 65536 bytes, sisa: 12824768 bytes
2025-04-11 09:09:03,122 - Server - INFO - Menerima chunk: 65536 bytes, sisa: 12759232 bytes
2025-04-11 09:09:03,125 - Server - INFO - Menerima chunk: 65536 bytes, sisa: 12693696 bytes
2025-04-11 09:09:03,127 - Server - INFO - Menerima chunk: 65536 bytes, sisa: 12628160 bytes
2025-04-11 09:09:03,131 - Server - INFO - Menerima chunk: 65536 bytes, sisa: 12562624 bytes
2025-04-11 09:09:03,133 - Server - INFO - Menerima chunk: 65536 bytes, sisa: 12497088 bytes
2025-04-11 09:09:03,136 - Server - INFO - Menerima chunk: 65536 bytes, sisa: 12431552 bytes
2025-04-11 09:09:03,138 - Server - INFO - Menerima chunk: 65536 bytes, sisa: 12366016 bytes
2025-04-11 09:09:03,141 - Server - INFO - Menerima chunk: 65536 bytes, sisa: 12300480 bytes
2025-04-11 09:09:03,145 - Server - INFO - Menerima chunk: 65536 bytes, sisa: 12234944 bytes
2025-04-11 09:09:03,148 - Server - INFO - Menerima chunk: 65536 bytes, sisa: 12169408 bytes
2025-04-11 09:09:03,151 - Server - INFO - Menerima chunk: 65536 bytes, sisa: 12103872 bytes
2025-04-11 09:09:03,154 - Server - INFO - Menerima chunk: 65536 bytes, sisa: 12038336 bytes
2025-04-11 09:09:03,157 - Server - INFO - Menerima chunk: 65536 bytes, sisa: 11972800 bytes
2025-04-11 09:09:03,159 - Server - INFO - Menerima chunk: 65536 bytes, sisa: 11907264 bytes
2025-04-11 09:09:03,162 - Server - INFO - Menerima chunk: 65536 bytes, sisa: 11841728 bytes
2025-04-11 09:09:03,165 - Server - INFO - Menerima chunk: 65536 bytes, sisa: 11776192 bytes
2025-04-11 09:09:03,168 - Server - INFO - Menerima chunk: 65536 bytes, sisa: 11710656 bytes
2025-04-11 09:09:03,170 - Server - INFO - Menerima chunk: 65536 bytes, sisa: 11645120 bytes
2025-04-11 09:09:03,173 - Server - INFO - Menerima chunk: 65536 bytes, sisa: 11579584 bytes
2025-04-11 09:09:03,176 - Server - INFO - Menerima chunk: 65536 bytes, sisa: 11514048 bytes
2025-04-11 09:09:03,179 - Server - INFO - Menerima chunk: 65536 bytes, sisa: 11448512 bytes
2025-04-11 09:09:03,182 - Server - INFO - Menerima chunk: 65536 bytes, sisa: 11382976 bytes
2025-04-11 09:09:03,184 - Server - INFO - Menerima chunk: 65536 bytes, sisa: 11317440 bytes
2025-04-11 09:09:03,187 - Server - INFO - Menerima chunk: 65536 bytes, sisa: 11251904 bytes
2025-04-11 09:09:03,189 - Server - INFO - Menerima chunk: 65536 bytes, sisa: 11186368 bytes
2025-04-11 09:09:03,192 - Server - INFO - Menerima chunk: 65536 bytes, sisa: 11120832 bytes
2025-04-11 09:09:03,195 - Server - INFO - Menerima chunk: 65536 bytes, sisa: 11055296 bytes
2025-04-11 09:09:03,198 - Server - INFO - Menerima chunk: 65536 bytes, sisa: 10989760 bytes
2025-04-11 09:09:03,201 - Server - INFO - Menerima chunk: 65536 bytes, sisa: 10924224 bytes
2025-04-11 09:09:03,204 - Server - INFO - Menerima chunk: 65536 bytes, sisa: 10858688 bytes
2025-04-11 09:09:03,207 - Server - INFO - Menerima chunk: 65536 bytes, sisa: 10793152 bytes
2025-04-11 09:09:03,209 - Server - INFO - Menerima chunk: 65536 bytes, sisa: 10727616 bytes
2025-04-11 09:09:03,212 - Server - INFO - Menerima chunk: 65536 bytes, sisa: 10662080 bytes
2025-04-11 09:09:03,215 - Server - INFO - Menerima chunk: 65536 bytes, sisa: 10596544 bytes
2025-04-11 09:09:03,217 - Server - INFO - Menerima chunk: 65536 bytes, sisa: 10531008 bytes
2025-04-11 09:09:03,220 - Server - INFO - Menerima chunk: 65536 bytes, sisa: 10465472 bytes
2025-04-11 09:09:03,222 - Server - INFO - Menerima chunk: 65536 bytes, sisa: 10399936 bytes
2025-04-11 09:09:03,225 - Server - INFO - Menerima chunk: 65536 bytes, sisa: 10334400 bytes
2025-04-11 09:09:03,228 - Server - INFO - Menerima chunk: 65536 bytes, sisa: 10268864 bytes
2025-04-11 09:09:03,231 - Server - INFO - Menerima chunk: 65536 bytes, sisa: 10203328 bytes
2025-04-11 09:09:03,236 - Server - INFO - Menerima chunk: 65536 bytes, sisa: 10137792 bytes
2025-04-11 09:09:03,239 - Server - INFO - Menerima chunk: 65536 bytes, sisa: 10072256 bytes
2025-04-11 09:09:03,242 - Server - INFO - Menerima chunk: 65536 bytes, sisa: 10006720 bytes
2025-04-11 09:09:03,245 - Server - INFO - Menerima chunk: 65536 bytes, sisa: 9941184 bytes
2025-04-11 09:09:03,248 - Server - INFO - Menerima chunk: 65536 bytes, sisa: 9875648 bytes
2025-04-11 09:09:03,251 - Server - INFO - Menerima chunk: 65536 bytes, sisa: 9810112 bytes
2025-04-11 09:09:03,254 - Server - INFO - Menerima chunk: 65536 bytes, sisa: 9744576 bytes
2025-04-11 09:09:03,257 - Server - INFO - Menerima chunk: 65536 bytes, sisa: 9679040 bytes
2025-04-11 09:09:03,260 - Server - INFO - Menerima chunk: 65536 bytes, sisa: 9613504 bytes
2025-04-11 09:09:03,263 - Server - INFO - Menerima chunk: 65536 bytes, sisa: 9547968 bytes
2025-04-11 09:09:03,266 - Server - INFO - Menerima chunk: 65536 bytes, sisa: 9482432 bytes
2025-04-11 09:09:03,269 - Server - INFO - Menerima chunk: 65536 bytes, sisa: 9416896 bytes
2025-04-11 09:09:03,273 - Server - INFO - Menerima chunk: 65536 bytes, sisa: 9351360 bytes
2025-04-11 09:09:03,277 - Server - INFO - Menerima chunk: 65536 bytes, sisa: 9285824 bytes
2025-04-11 09:09:03,280 - Server - INFO - Menerima chunk: 65536 bytes, sisa: 9220288 bytes
2025-04-11 09:09:03,284 - Server - INFO - Menerima chunk: 65536 bytes, sisa: 9154752 bytes
2025-04-11 09:09:03,288 - Server - INFO - Menerima chunk: 65536 bytes, sisa: 9089216 bytes
2025-04-11 09:09:03,294 - Server - INFO - Menerima chunk: 65536 bytes, sisa: 9023680 bytes
2025-04-11 09:09:03,298 - Server - INFO - Menerima chunk: 65536 bytes, sisa: 8958144 bytes
2025-04-11 09:09:03,301 - Server - INFO - Menerima chunk: 65536 bytes, sisa: 8892608 bytes
2025-04-11 09:09:03,305 - Server - INFO - Menerima chunk: 65536 bytes, sisa: 8827072 bytes
2025-04-11 09:09:03,310 - Server - INFO - Menerima chunk: 65536 bytes, sisa: 8761536 bytes
2025-04-11 09:09:03,314 - Server - INFO - Menerima chunk: 65536 bytes, sisa: 8696000 bytes
2025-04-11 09:09:03,317 - Server - INFO - Menerima chunk: 65536 bytes, sisa: 8630464 bytes
2025-04-11 09:09:03,321 - Server - INFO - Menerima chunk: 65536 bytes, sisa: 8564928 bytes
2025-04-11 09:09:03,326 - Server - INFO - Menerima chunk: 65536 bytes, sisa: 8499392 bytes
2025-04-11 09:09:03,330 - Server - INFO - Menerima chunk: 65536 bytes, sisa: 8433856 bytes
2025-04-11 09:09:03,333 - Server - INFO - Menerima chunk: 65536 bytes, sisa: 8368320 bytes
2025-04-11 09:09:03,337 - Server - INFO - Menerima chunk: 65536 bytes, sisa: 8302784 bytes
2025-04-11 09:09:03,342 - Server - INFO - Menerima chunk: 65536 bytes, sisa: 8237248 bytes
2025-04-11 09:09:03,346 - Server - INFO - Menerima chunk: 65536 bytes, sisa: 8171712 bytes
2025-04-11 09:09:03,349 - Server - INFO - Menerima chunk: 65536 bytes, sisa: 8106176 bytes
2025-04-11 09:09:03,355 - Server - INFO - Menerima chunk: 65536 bytes, sisa: 8040640 bytes
2025-04-11 09:09:03,359 - Server - INFO - Menerima chunk: 65536 bytes, sisa: 7975104 bytes
2025-04-11 09:09:03,364 - Server - INFO - Menerima chunk: 65536 bytes, sisa: 7909568 bytes
2025-04-11 09:09:03,369 - Server - INFO - Menerima chunk: 65536 bytes, sisa: 7844032 bytes
2025-04-11 09:09:03,373 - Server - INFO - Menerima chunk: 65536 bytes, sisa: 7778496 bytes
2025-04-11 09:09:03,376 - Server - INFO - Menerima chunk: 65536 bytes, sisa: 7712960 bytes
2025-04-11 09:09:03,379 - Server - INFO - Menerima chunk: 65536 bytes, sisa: 7647424 bytes
2025-04-11 09:09:03,382 - Server - INFO - Menerima chunk: 65536 bytes, sisa: 7581888 bytes
2025-04-11 09:09:03,385 - Server - INFO - Menerima chunk: 65536 bytes, sisa: 7516352 bytes
2025-04-11 09:09:03,388 - Server - INFO - Menerima chunk: 65536 bytes, sisa: 7450816 bytes
2025-04-11 09:09:03,391 - Server - INFO - Menerima chunk: 65536 bytes, sisa: 7385280 bytes
2025-04-11 09:09:03,393 - Server - INFO - Menerima chunk: 65536 bytes, sisa: 7319744 bytes
2025-04-11 09:09:03,396 - Server - INFO - Menerima chunk: 65536 bytes, sisa: 7254208 bytes
2025-04-11 09:09:03,399 - Server - INFO - Menerima chunk: 65536 bytes, sisa: 7188672 bytes
2025-04-11 09:09:03,403 - Server - INFO - Menerima chunk: 65536 bytes, sisa: 7123136 bytes
2025-04-11 09:09:03,406 - Server - INFO - Menerima chunk: 65536 bytes, sisa: 7057600 bytes
2025-04-11 09:09:03,409 - Server - INFO - Menerima chunk: 65536 bytes, sisa: 6992064 bytes
2025-04-11 09:09:03,412 - Server - INFO - Menerima chunk: 65536 bytes, sisa: 6926528 bytes
2025-04-11 09:09:03,415 - Server - INFO - Menerima chunk: 65536 bytes, sisa: 6860992 bytes
2025-04-11 09:09:03,418 - Server - INFO - Menerima chunk: 65536 bytes, sisa: 6795456 bytes
2025-04-11 09:09:03,421 - Server - INFO - Menerima chunk: 65536 bytes, sisa: 6729920 bytes
2025-04-11 09:09:03,424 - Server - INFO - Menerima chunk: 65536 bytes, sisa: 6664384 bytes
2025-04-11 09:09:03,427 - Server - INFO - Menerima chunk: 65536 bytes, sisa: 6598848 bytes
2025-04-11 09:09:03,430 - Server - INFO - Menerima chunk: 65536 bytes, sisa: 6533312 bytes
2025-04-11 09:09:03,434 - Server - INFO - Menerima chunk: 65536 bytes, sisa: 6467776 bytes
2025-04-11 09:09:03,437 - Server - INFO - Menerima chunk: 65536 bytes, sisa: 6402240 bytes
2025-04-11 09:09:03,440 - Server - INFO - Menerima chunk: 65536 bytes, sisa: 6336704 bytes
2025-04-11 09:09:03,444 - Server - INFO - Menerima chunk: 65536 bytes, sisa: 6271168 bytes
2025-04-11 09:09:03,447 - Server - INFO - Menerima chunk: 65536 bytes, sisa: 6205632 bytes
2025-04-11 09:09:03,450 - Server - INFO - Menerima chunk: 65536 bytes, sisa: 6140096 bytes
2025-04-11 09:09:03,453 - Server - INFO - Menerima chunk: 65536 bytes, sisa: 6074560 bytes
2025-04-11 09:09:03,456 - Server - INFO - Menerima chunk: 65536 bytes, sisa: 6009024 bytes
2025-04-11 09:09:03,461 - Server - INFO - Menerima chunk: 65536 bytes, sisa: 5943488 bytes
2025-04-11 09:09:03,465 - Server - INFO - Menerima chunk: 65536 bytes, sisa: 5877952 bytes
2025-04-11 09:09:03,468 - Server - INFO - Menerima chunk: 65536 bytes, sisa: 5812416 bytes
2025-04-11 09:09:03,471 - Server - INFO - Menerima chunk: 65536 bytes, sisa: 5746880 bytes
2025-04-11 09:09:03,474 - Server - INFO - Menerima chunk: 65536 bytes, sisa: 5681344 bytes
2025-04-11 09:09:03,477 - Server - INFO - Menerima chunk: 65536 bytes, sisa: 5615808 bytes
2025-04-11 09:09:03,481 - Server - INFO - Menerima chunk: 65536 bytes, sisa: 5550272 bytes
2025-04-11 09:09:03,484 - Server - INFO - Menerima chunk: 65536 bytes, sisa: 5484736 bytes
2025-04-11 09:09:03,487 - Server - INFO - Menerima chunk: 65536 bytes, sisa: 5419200 bytes
2025-04-11 09:09:03,491 - Server - INFO - Menerima chunk: 65536 bytes, sisa: 5353664 bytes
2025-04-11 09:09:03,494 - Server - INFO - Menerima chunk: 65536 bytes, sisa: 5288128 bytes
2025-04-11 09:09:03,498 - Server - INFO - Menerima chunk: 65536 bytes, sisa: 5222592 bytes
2025-04-11 09:09:03,501 - Server - INFO - Menerima chunk: 65536 bytes, sisa: 5157056 bytes
2025-04-11 09:09:03,504 - Server - INFO - Menerima chunk: 65536 bytes, sisa: 5091520 bytes
2025-04-11 09:09:03,508 - Server - INFO - Menerima chunk: 65536 bytes, sisa: 5025984 bytes
2025-04-11 09:09:03,512 - Server - INFO - Menerima chunk: 65536 bytes, sisa: 4960448 bytes
2025-04-11 09:09:03,515 - Server - INFO - Menerima chunk: 65536 bytes, sisa: 4894912 bytes
2025-04-11 09:09:03,519 - Server - INFO - Menerima chunk: 65536 bytes, sisa: 4829376 bytes
2025-04-11 09:09:03,523 - Server - INFO - Menerima chunk: 65536 bytes, sisa: 4763840 bytes
2025-04-11 09:09:03,528 - Server - INFO - Menerima chunk: 65536 bytes, sisa: 4698304 bytes
2025-04-11 09:09:03,532 - Server - INFO - Menerima chunk: 65536 bytes, sisa: 4632768 bytes
2025-04-11 09:09:03,536 - Server - INFO - Menerima chunk: 65536 bytes, sisa: 4567232 bytes
2025-04-11 09:09:03,540 - Server - INFO - Menerima chunk: 65536 bytes, sisa: 4501696 bytes
2025-04-11 09:09:03,544 - Server - INFO - Menerima chunk: 65536 bytes, sisa: 4436160 bytes
2025-04-11 09:09:03,547 - Server - INFO - Menerima chunk: 65536 bytes, sisa: 4370624 bytes
2025-04-11 09:09:03,551 - Server - INFO - Menerima chunk: 65536 bytes, sisa: 4305088 bytes
2025-04-11 09:09:03,555 - Server - INFO - Menerima chunk: 65536 bytes, sisa: 4239552 bytes
2025-04-11 09:09:03,559 - Server - INFO - Menerima chunk: 65536 bytes, sisa: 4174016 bytes
2025-04-11 09:09:03,563 - Server - INFO - Menerima chunk: 65536 bytes, sisa: 4108480 bytes
2025-04-11 09:09:03,567 - Server - INFO - Menerima chunk: 65536 bytes, sisa: 4042944 bytes
2025-04-11 09:09:03,571 - Server - INFO - Menerima chunk: 65536 bytes, sisa: 3977408 bytes
2025-04-11 09:09:03,574 - Server - INFO - Menerima chunk: 65536 bytes, sisa: 3911872 bytes
2025-04-11 09:09:03,581 - Server - INFO - Menerima chunk: 65536 bytes, sisa: 3846336 bytes
2025-04-11 09:09:03,586 - Server - INFO - Menerima chunk: 65536 bytes, sisa: 3780800 bytes
2025-04-11 09:09:03,589 - Server - INFO - Menerima chunk: 65536 bytes, sisa: 3715264 bytes
2025-04-11 09:09:03,594 - Server - INFO - Menerima chunk: 65536 bytes, sisa: 3649728 bytes
2025-04-11 09:09:03,599 - Server - INFO - Menerima chunk: 65536 bytes, sisa: 3584192 bytes
2025-04-11 09:09:03,603 - Server - INFO - Menerima chunk: 65536 bytes, sisa: 3518656 bytes
2025-04-11 09:09:03,607 - Server - INFO - Menerima chunk: 65536 bytes, sisa: 3453120 bytes
2025-04-11 09:09:03,610 - Server - INFO - Menerima chunk: 65536 bytes, sisa: 3387584 bytes
2025-04-11 09:09:03,614 - Server - INFO - Menerima chunk: 65536 bytes, sisa: 3322048 bytes
2025-04-11 09:09:03,618 - Server - INFO - Menerima chunk: 65536 bytes, sisa: 3256512 bytes
2025-04-11 09:09:03,622 - Server - INFO - Menerima chunk: 65536 bytes, sisa: 3190976 bytes
2025-04-11 09:09:03,626 - Server - INFO - Menerima chunk: 65536 bytes, sisa: 3125440 bytes
2025-04-11 09:09:03,630 - Server - INFO - Menerima chunk: 65536 bytes, sisa: 3059904 bytes
2025-04-11 09:09:03,634 - Server - INFO - Menerima chunk: 65536 bytes, sisa: 2994368 bytes
2025-04-11 09:09:03,638 - Server - INFO - Menerima chunk: 65536 bytes, sisa: 2928832 bytes
2025-04-11 09:09:03,642 - Server - INFO - Menerima chunk: 65536 bytes, sisa: 2863296 bytes
2025-04-11 09:09:03,646 - Server - INFO - Menerima chunk: 65536 bytes, sisa: 2797760 bytes
2025-04-11 09:09:03,649 - Server - INFO - Menerima chunk: 65536 bytes, sisa: 2732224 bytes
2025-04-11 09:09:03,653 - Server - INFO - Menerima chunk: 65536 bytes, sisa: 2666688 bytes
2025-04-11 09:09:03,657 - Server - INFO - Menerima chunk: 65536 bytes, sisa: 2601152 bytes
2025-04-11 09:09:03,661 - Server - INFO - Menerima chunk: 65536 bytes, sisa: 2535616 bytes
2025-04-11 09:09:03,665 - Server - INFO - Menerima chunk: 65536 bytes, sisa: 2470080 bytes
2025-04-11 09:09:03,669 - Server - INFO - Menerima chunk: 65536 bytes, sisa: 2404544 bytes
2025-04-11 09:09:03,673 - Server - INFO - Menerima chunk: 65536 bytes, sisa: 2339008 bytes
2025-04-11 09:09:03,677 - Server - INFO - Menerima chunk: 65536 bytes, sisa: 2273472 bytes
2025-04-11 09:09:03,680 - Server - INFO - Menerima chunk: 65536 bytes, sisa: 2207936 bytes
2025-04-11 09:09:03,684 - Server - INFO - Menerima chunk: 65536 bytes, sisa: 2142400 bytes
2025-04-11 09:09:03,688 - Server - INFO - Menerima chunk: 65536 bytes, sisa: 2076864 bytes
2025-04-11 09:09:03,692 - Server - INFO - Menerima chunk: 65536 bytes, sisa: 2011328 bytes
2025-04-11 09:09:03,697 - Server - INFO - Menerima chunk: 65536 bytes, sisa: 1945792 bytes
2025-04-11 09:09:03,701 - Server - INFO - Menerima chunk: 65536 bytes, sisa: 1880256 bytes
2025-04-11 09:09:03,705 - Server - INFO - Menerima chunk: 65536 bytes, sisa: 1814720 bytes
2025-04-11 09:09:03,710 - Server - INFO - Menerima chunk: 65536 bytes, sisa: 1749184 bytes
2025-04-11 09:09:03,713 - Server - INFO - Menerima chunk: 65536 bytes, sisa: 1683648 bytes
2025-04-11 09:09:03,717 - Server - INFO - Menerima chunk: 65536 bytes, sisa: 1618112 bytes
2025-04-11 09:09:03,722 - Server - INFO - Menerima chunk: 65536 bytes, sisa: 1552576 bytes
2025-04-11 09:09:03,727 - Server - INFO - Menerima chunk: 65536 bytes, sisa: 1487040 bytes
2025-04-11 09:09:03,731 - Server - INFO - Menerima chunk: 65536 bytes, sisa: 1421504 bytes
2025-04-11 09:09:03,735 - Server - INFO - Menerima chunk: 65536 bytes, sisa: 1355968 bytes
2025-04-11 09:09:03,739 - Server - INFO - Menerima chunk: 65536 bytes, sisa: 1290432 bytes
2025-04-11 09:09:03,742 - Server - INFO - Menerima chunk: 65536 bytes, sisa: 1224896 bytes
2025-04-11 09:09:03,746 - Server - INFO - Menerima chunk: 65536 bytes, sisa: 1159360 bytes
2025-04-11 09:09:03,750 - Server - INFO - Menerima chunk: 65536 bytes, sisa: 1093824 bytes
2025-04-11 09:09:03,754 - Server - INFO - Menerima chunk: 65536 bytes, sisa: 1028288 bytes
2025-04-11 09:09:03,758 - Server - INFO - Menerima chunk: 65536 bytes, sisa: 962752 bytes
2025-04-11 09:09:03,762 - Server - INFO - Menerima chunk: 65536 bytes, sisa: 897216 bytes
2025-04-11 09:09:03,766 - Server - INFO - Menerima chunk: 65536 bytes, sisa: 831680 bytes
2025-04-11 09:09:03,769 - Server - INFO - Menerima chunk: 65536 bytes, sisa: 766144 bytes
2025-04-11 09:09:03,773 - Server - INFO - Menerima chunk: 65536 bytes, sisa: 700608 bytes
2025-04-11 09:09:03,776 - Server - INFO - Menerima chunk: 65536 bytes, sisa: 635072 bytes
2025-04-11 09:09:03,780 - Server - INFO - Menerima chunk: 65536 bytes, sisa: 569536 bytes
2025-04-11 09:09:03,784 - Server - INFO - Menerima chunk: 65536 bytes, sisa: 504000 bytes
2025-04-11 09:09:03,787 - Server - INFO - Menerima chunk: 65536 bytes, sisa: 438464 bytes
2025-04-11 09:09:03,791 - Server - INFO - Menerima chunk: 65536 bytes, sisa: 372928 bytes
2025-04-11 09:09:03,795 - Server - INFO - Menerima chunk: 65536 bytes, sisa: 307392 bytes
2025-04-11 09:09:03,798 - Server - INFO - Menerima chunk: 65536 bytes, sisa: 241856 bytes
2025-04-11 09:09:03,803 - Server - INFO - Menerima chunk: 65536 bytes, sisa: 176320 bytes
2025-04-11 09:09:03,807 - Server - INFO - Menerima chunk: 65536 bytes, sisa: 110784 bytes
2025-04-11 09:09:03,811 - Server - INFO - Menerima chunk: 65536 bytes, sisa: 45248 bytes
2025-04-11 09:09:03,816 - Server - INFO - Menerima chunk: 45248 bytes, sisa: 0 bytes
2025-04-11 09:09:03,816 - Server - INFO - Selesai menerima data dari klien 2: 29600262 bytes
2025-04-11 09:09:03,816 - Server - INFO - Bersiap menerima 1025534 bytes data validasi dari klien 2
2025-04-11 09:09:03,817 - Server - INFO - Selesai menerima data validasi dari klien 2
2025-04-11 09:09:04,424 - Server - INFO - Accuracy: 0.9990
2025-04-11 09:09:04,424 - Server - INFO - Classification Report: {'0': {'precision': 0.998992950654582, 'recall': 1.0, 'f1-score': 0.9994962216624685, 'support': 992.0}, '4': {'precision': 0.0, 'recall': 0.0, 'f1-score': 0.0, 'support': 1.0}, 'accuracy': 0.998992950654582, 'macro avg': {'precision': 0.499496475327291, 'recall': 0.5, 'f1-score': 0.49974811083123427, 'support': 993.0}, 'weighted avg': {'precision': 0.9979869154575483, 'recall': 0.998992950654582, 'f1-score': 0.9984896796466957, 'support': 993.0}}
2025-04-11 09:09:04,424 - Server - INFO - Akurasi model klien 2: 0.9990
2025-04-11 09:09:04,425 - Server - INFO - Semua model klien sudah diterima, melakukan federated averaging
2025-04-11 09:09:04,443 - Server - INFO - Federated averaging selesai
2025-04-11 09:09:04,600 - Server - INFO - Model global yang diperbarui dikirim ke klien 2
2025-04-11 09:09:04,600 - Server - INFO - Koneksi dengan klien 2 ditutup
2025-04-11 09:09:04,636 - Server - INFO - Model global terakhir disimpan ke 'final_global_model.pt'
